{"/home/marco/apps/sistemisolari/appalti190-server/server.js":{"path":"/home/marco/apps/sistemisolari/appalti190-server/server.js","statementMap":{"0":{"start":{"line":1,"column":16},"end":{"line":1,"column":34}},"1":{"start":{"line":2,"column":13},"end":{"line":2,"column":28}},"2":{"start":{"line":3,"column":13},"end":{"line":3,"column":28}},"3":{"start":{"line":4,"column":16},"end":{"line":4,"column":34}},"4":{"start":{"line":5,"column":16},"end":{"line":5,"column":50}},"5":{"start":{"line":6,"column":26},"end":{"line":6,"column":60}},"6":{"start":{"line":7,"column":27},"end":{"line":7,"column":73}},"7":{"start":{"line":8,"column":11},"end":{"line":8,"column":34}},"8":{"start":{"line":9,"column":30},"end":{"line":9,"column":66}},"9":{"start":{"line":10,"column":37},"end":{"line":10,"column":74}},"10":{"start":{"line":11,"column":30},"end":{"line":11,"column":59}},"11":{"start":{"line":12,"column":15},"end":{"line":12,"column":38}},"12":{"start":{"line":14,"column":20},"end":{"line":14,"column":57}},"13":{"start":{"line":15,"column":16},"end":{"line":15,"column":47}},"14":{"start":{"line":18,"column":0},"end":{"line":29,"column":1}},"15":{"start":{"line":31,"column":12},"end":{"line":31,"column":21}},"16":{"start":{"line":34,"column":0},"end":{"line":36,"column":4}},"17":{"start":{"line":35,"column":58},"end":{"line":35,"column":86}},"18":{"start":{"line":39,"column":0},"end":{"line":41,"column":4}},"19":{"start":{"line":44,"column":0},"end":{"line":50,"column":3}},"20":{"start":{"line":45,"column":2},"end":{"line":48,"column":4}},"21":{"start":{"line":49,"column":2},"end":{"line":49,"column":9}},"22":{"start":{"line":53,"column":0},"end":{"line":57,"column":3}},"23":{"start":{"line":55,"column":2},"end":{"line":55,"column":46}},"24":{"start":{"line":56,"column":2},"end":{"line":56,"column":9}},"25":{"start":{"line":60,"column":0},"end":{"line":60,"column":43}},"26":{"start":{"line":63,"column":0},"end":{"line":69,"column":1}},"27":{"start":{"line":64,"column":2},"end":{"line":64,"column":85}},"28":{"start":{"line":65,"column":2},"end":{"line":65,"column":72}},"29":{"start":{"line":67,"column":2},"end":{"line":67,"column":80}},"30":{"start":{"line":68,"column":2},"end":{"line":68,"column":77}},"31":{"start":{"line":72,"column":0},"end":{"line":72,"column":13}},"32":{"start":{"line":75,"column":0},"end":{"line":75,"column":20}},"33":{"start":{"line":79,"column":2},"end":{"line":87,"column":84}},"34":{"start":{"line":91,"column":0},"end":{"line":106,"column":1}},"35":{"start":{"line":99,"column":4},"end":{"line":99,"column":53}},"36":{"start":{"line":100,"column":4},"end":{"line":100,"column":18}},"37":{"start":{"line":103,"column":4},"end":{"line":103,"column":54}},"38":{"start":{"line":104,"column":4},"end":{"line":104,"column":21}},"39":{"start":{"line":109,"column":0},"end":{"line":109,"column":41}},"40":{"start":{"line":110,"column":0},"end":{"line":110,"column":41}},"41":{"start":{"line":111,"column":0},"end":{"line":111,"column":40}},"42":{"start":{"line":112,"column":0},"end":{"line":112,"column":44}},"43":{"start":{"line":117,"column":0},"end":{"line":123,"column":2}},"44":{"start":{"line":118,"column":2},"end":{"line":118,"column":18}},"45":{"start":{"line":119,"column":2},"end":{"line":121,"column":3}},"46":{"start":{"line":120,"column":4},"end":{"line":120,"column":44}},"47":{"start":{"line":122,"column":2},"end":{"line":122,"column":43}},"48":{"start":{"line":126,"column":19},"end":{"line":126,"column":58}},"49":{"start":{"line":127,"column":0},"end":{"line":127,"column":36}},"50":{"start":{"line":128,"column":19},"end":{"line":128,"column":66}},"51":{"start":{"line":129,"column":0},"end":{"line":129,"column":36}},"52":{"start":{"line":132,"column":0},"end":{"line":141,"column":1}},"53":{"start":{"line":133,"column":15},"end":{"line":133,"column":50}},"54":{"start":{"line":134,"column":2},"end":{"line":138,"column":5}},"55":{"start":{"line":136,"column":4},"end":{"line":136,"column":53}},"56":{"start":{"line":137,"column":4},"end":{"line":137,"column":108}},"57":{"start":{"line":140,"column":2},"end":{"line":140,"column":23}}},"fnMap":{"0":{"name":"(anonymous_0)","decl":{"start":{"line":35,"column":48},"end":{"line":35,"column":49}},"loc":{"start":{"line":35,"column":58},"end":{"line":35,"column":86}},"line":35},"1":{"name":"(anonymous_1)","decl":{"start":{"line":44,"column":8},"end":{"line":44,"column":9}},"loc":{"start":{"line":44,"column":28},"end":{"line":50,"column":1}},"line":44},"2":{"name":"(anonymous_2)","decl":{"start":{"line":53,"column":8},"end":{"line":53,"column":9}},"loc":{"start":{"line":53,"column":28},"end":{"line":57,"column":1}},"line":53},"3":{"name":"(anonymous_3)","decl":{"start":{"line":98,"column":8},"end":{"line":98,"column":9}},"loc":{"start":{"line":98,"column":14},"end":{"line":101,"column":3}},"line":98},"4":{"name":"(anonymous_4)","decl":{"start":{"line":102,"column":9},"end":{"line":102,"column":10}},"loc":{"start":{"line":102,"column":16},"end":{"line":105,"column":3}},"line":102},"5":{"name":"(anonymous_5)","decl":{"start":{"line":117,"column":18},"end":{"line":117,"column":19}},"loc":{"start":{"line":117,"column":38},"end":{"line":123,"column":1}},"line":117},"6":{"name":"(anonymous_6)","decl":{"start":{"line":134,"column":19},"end":{"line":134,"column":20}},"loc":{"start":{"line":134,"column":25},"end":{"line":138,"column":3}},"line":134}},"branchMap":{"0":{"loc":{"start":{"line":63,"column":0},"end":{"line":69,"column":1}},"type":"if","locations":[{"start":{"line":63,"column":0},"end":{"line":69,"column":1}},{"start":{"line":63,"column":0},"end":{"line":69,"column":1}}],"line":63},"1":{"loc":{"start":{"line":79,"column":2},"end":{"line":87,"column":84}},"type":"cond-expr","locations":[{"start":{"line":81,"column":4},"end":{"line":81,"column":136}},{"start":{"line":82,"column":2},"end":{"line":87,"column":84}}],"line":79},"2":{"loc":{"start":{"line":82,"column":2},"end":{"line":87,"column":84}},"type":"cond-expr","locations":[{"start":{"line":84,"column":4},"end":{"line":84,"column":89}},{"start":{"line":87,"column":4},"end":{"line":87,"column":84}}],"line":82},"3":{"loc":{"start":{"line":119,"column":2},"end":{"line":121,"column":3}},"type":"if","locations":[{"start":{"line":119,"column":2},"end":{"line":121,"column":3}},{"start":{"line":119,"column":2},"end":{"line":121,"column":3}}],"line":119},"4":{"loc":{"start":{"line":132,"column":0},"end":{"line":141,"column":1}},"type":"if","locations":[{"start":{"line":132,"column":0},"end":{"line":141,"column":1}},{"start":{"line":132,"column":0},"end":{"line":141,"column":1}}],"line":132},"5":{"loc":{"start":{"line":133,"column":15},"end":{"line":133,"column":50}},"type":"binary-expr","locations":[{"start":{"line":133,"column":15},"end":{"line":133,"column":31}},{"start":{"line":133,"column":35},"end":{"line":133,"column":50}}],"line":133}},"s":{"0":1,"1":1,"2":1,"3":1,"4":1,"5":1,"6":1,"7":1,"8":1,"9":1,"10":1,"11":1,"12":1,"13":1,"14":1,"15":1,"16":1,"17":2,"18":1,"19":1,"20":66,"21":66,"22":1,"23":66,"24":66,"25":1,"26":1,"27":0,"28":0,"29":1,"30":1,"31":1,"32":1,"33":1,"34":1,"35":1,"36":1,"37":0,"38":0,"39":1,"40":1,"41":1,"42":1,"43":1,"44":0,"45":0,"46":0,"47":0,"48":1,"49":1,"50":1,"51":1,"52":1,"53":0,"54":0,"55":0,"56":0,"57":1},"f":{"0":2,"1":66,"2":66,"3":1,"4":0,"5":0,"6":0},"b":{"0":[0,1],"1":[0,1],"2":[1,0],"3":[0,0],"4":[0,1],"5":[0,0]},"_coverageSchema":"1a1c01bbd47fc00a2c39e90264f33305004495a9","hash":"e97f302a49cf24b758b99482ad881fb3175efbd5","contentHash":"f640e8d5036b712fcb5990148f034e3051f0a519d6c53da79d1f0e9b080d9db5"},"/home/marco/apps/sistemisolari/appalti190-server/src/controllers/logger.controller.js":{"path":"/home/marco/apps/sistemisolari/appalti190-server/src/controllers/logger.controller.js","statementMap":{"0":{"start":{"line":1,"column":16},"end":{"line":1,"column":34}},"1":{"start":{"line":3,"column":0},"end":{"line":3,"column":26}},"2":{"start":{"line":8,"column":15},"end":{"line":8,"column":35}},"3":{"start":{"line":10,"column":18},"end":{"line":10,"column":40}},"4":{"start":{"line":11,"column":15},"end":{"line":35,"column":1}},"5":{"start":{"line":37,"column":44},"end":{"line":37,"column":48}},"6":{"start":{"line":38,"column":0},"end":{"line":89,"column":1}},"7":{"start":{"line":39,"column":2},"end":{"line":55,"column":4}},"8":{"start":{"line":45,"column":38},"end":{"line":45,"column":91}},"9":{"start":{"line":57,"column":2},"end":{"line":59,"column":4}},"10":{"start":{"line":61,"column":2},"end":{"line":70,"column":3}},"11":{"start":{"line":62,"column":4},"end":{"line":69,"column":6}},"12":{"start":{"line":72,"column":2},"end":{"line":85,"column":3}},"13":{"start":{"line":73,"column":4},"end":{"line":84,"column":5}},"14":{"start":{"line":74,"column":31},"end":{"line":76,"column":8}},"15":{"start":{"line":75,"column":8},"end":{"line":75,"column":66}},"16":{"start":{"line":77,"column":6},"end":{"line":83,"column":10}},"17":{"start":{"line":87,"column":2},"end":{"line":87,"column":59}},"18":{"start":{"line":88,"column":2},"end":{"line":88,"column":13}},"19":{"start":{"line":91,"column":0},"end":{"line":98,"column":1}},"20":{"start":{"line":92,"column":2},"end":{"line":95,"column":5}},"21":{"start":{"line":97,"column":2},"end":{"line":97,"column":55}},"22":{"start":{"line":100,"column":0},"end":{"line":100,"column":36}}},"fnMap":{"0":{"name":"(anonymous_0)","decl":{"start":{"line":45,"column":30},"end":{"line":45,"column":31}},"loc":{"start":{"line":45,"column":38},"end":{"line":45,"column":91}},"line":45},"1":{"name":"(anonymous_1)","decl":{"start":{"line":74,"column":53},"end":{"line":74,"column":54}},"loc":{"start":{"line":74,"column":61},"end":{"line":76,"column":7}},"line":74}},"branchMap":{"0":{"loc":{"start":{"line":61,"column":2},"end":{"line":70,"column":3}},"type":"if","locations":[{"start":{"line":61,"column":2},"end":{"line":70,"column":3}},{"start":{"line":61,"column":2},"end":{"line":70,"column":3}}],"line":61},"1":{"loc":{"start":{"line":72,"column":2},"end":{"line":85,"column":3}},"type":"if","locations":[{"start":{"line":72,"column":2},"end":{"line":85,"column":3}},{"start":{"line":72,"column":2},"end":{"line":85,"column":3}}],"line":72},"2":{"loc":{"start":{"line":73,"column":4},"end":{"line":84,"column":5}},"type":"if","locations":[{"start":{"line":73,"column":4},"end":{"line":84,"column":5}},{"start":{"line":73,"column":4},"end":{"line":84,"column":5}}],"line":73},"3":{"loc":{"start":{"line":73,"column":8},"end":{"line":73,"column":54}},"type":"binary-expr","locations":[{"start":{"line":73,"column":9},"end":{"line":73,"column":32}},{"start":{"line":73,"column":38},"end":{"line":73,"column":53}}],"line":73}},"s":{"0":1,"1":1,"2":1,"3":1,"4":1,"5":1,"6":1,"7":1,"8":20,"9":1,"10":1,"11":0,"12":1,"13":1,"14":1,"15":20,"16":1,"17":0,"18":0,"19":1,"20":1,"21":0,"22":1},"f":{"0":20,"1":20},"b":{"0":[0,1],"1":[1,0],"2":[1,0],"3":[1,0]},"_coverageSchema":"1a1c01bbd47fc00a2c39e90264f33305004495a9","hash":"0eac4afd1a22b036e7bc4c588659fdc80e7f6f0c","contentHash":"97af6e7f732c2dd5923f96471ee9a11dc5fc54156f12f12448146bf95f6a6544"},"/home/marco/apps/sistemisolari/appalti190-server/src/config.js":{"path":"/home/marco/apps/sistemisolari/appalti190-server/src/config.js","statementMap":{"0":{"start":{"line":1,"column":13},"end":{"line":1,"column":17}},"1":{"start":{"line":2,"column":15},"end":{"line":2,"column":42}},"2":{"start":{"line":3,"column":17},"end":{"line":3,"column":61}},"3":{"start":{"line":4,"column":16},"end":{"line":4,"column":22}},"4":{"start":{"line":5,"column":22},"end":{"line":8,"column":2}},"5":{"start":{"line":9,"column":32},"end":{"line":12,"column":2}},"6":{"start":{"line":13,"column":30},"end":{"line":16,"column":2}},"7":{"start":{"line":22,"column":0},"end":{"line":187,"column":2}}},"fnMap":{},"branchMap":{"0":{"loc":{"start":{"line":5,"column":25},"end":{"line":7,"column":25}},"type":"cond-expr","locations":[{"start":{"line":6,"column":2},"end":{"line":6,"column":36}},{"start":{"line":7,"column":2},"end":{"line":7,"column":25}}],"line":5},"1":{"loc":{"start":{"line":9,"column":35},"end":{"line":11,"column":25}},"type":"cond-expr","locations":[{"start":{"line":10,"column":2},"end":{"line":10,"column":36}},{"start":{"line":11,"column":2},"end":{"line":11,"column":25}}],"line":9},"2":{"loc":{"start":{"line":13,"column":33},"end":{"line":15,"column":25}},"type":"cond-expr","locations":[{"start":{"line":14,"column":2},"end":{"line":14,"column":45}},{"start":{"line":15,"column":2},"end":{"line":15,"column":25}}],"line":13},"3":{"loc":{"start":{"line":118,"column":16},"end":{"line":149,"column":7}},"type":"cond-expr","locations":[{"start":{"line":118,"column":55},"end":{"line":133,"column":7}},{"start":{"line":133,"column":10},"end":{"line":149,"column":7}}],"line":118}},"s":{"0":1,"1":1,"2":1,"3":1,"4":1,"5":1,"6":1,"7":1},"f":{},"b":{"0":[0,1],"1":[0,1],"2":[0,1],"3":[0,1]},"_coverageSchema":"1a1c01bbd47fc00a2c39e90264f33305004495a9","hash":"5784c69529a133f083051283d8a73836be8b4de6","contentHash":"cf60577c2814825f9e325d2859052c0423c2b37d3f71ae2653b997864ca62430"},"/home/marco/apps/sistemisolari/appalti190-server/src/models/index.js":{"path":"/home/marco/apps/sistemisolari/appalti190-server/src/models/index.js","statementMap":{"0":{"start":{"line":1,"column":27},"end":{"line":1,"column":56}},"1":{"start":{"line":2,"column":17},"end":{"line":2,"column":36}},"2":{"start":{"line":3,"column":15},"end":{"line":3,"column":35}},"3":{"start":{"line":5,"column":0},"end":{"line":5,"column":34}},"4":{"start":{"line":7,"column":11},"end":{"line":7,"column":13}},"5":{"start":{"line":9,"column":0},"end":{"line":9,"column":23}},"6":{"start":{"line":11,"column":0},"end":{"line":17,"column":2}},"7":{"start":{"line":19,"column":0},"end":{"line":27,"column":2}},"8":{"start":{"line":29,"column":0},"end":{"line":54,"column":2}},"9":{"start":{"line":56,"column":0},"end":{"line":99,"column":2}},"10":{"start":{"line":60,"column":15},"end":{"line":60,"column":29}},"11":{"start":{"line":61,"column":2},"end":{"line":77,"column":5}},"12":{"start":{"line":62,"column":4},"end":{"line":65,"column":5}},"13":{"start":{"line":63,"column":6},"end":{"line":63,"column":70}},"14":{"start":{"line":64,"column":6},"end":{"line":64,"column":23}},"15":{"start":{"line":66,"column":4},"end":{"line":76,"column":5}},"16":{"start":{"line":67,"column":6},"end":{"line":75,"column":9}},"17":{"start":{"line":68,"column":8},"end":{"line":74,"column":11}},"18":{"start":{"line":69,"column":10},"end":{"line":72,"column":11}},"19":{"start":{"line":70,"column":12},"end":{"line":70,"column":63}},"20":{"start":{"line":71,"column":12},"end":{"line":71,"column":29}},"21":{"start":{"line":73,"column":10},"end":{"line":73,"column":59}},"22":{"start":{"line":79,"column":15},"end":{"line":79,"column":29}},"23":{"start":{"line":80,"column":2},"end":{"line":98,"column":5}},"24":{"start":{"line":81,"column":4},"end":{"line":84,"column":5}},"25":{"start":{"line":82,"column":6},"end":{"line":82,"column":70}},"26":{"start":{"line":83,"column":6},"end":{"line":83,"column":23}},"27":{"start":{"line":85,"column":4},"end":{"line":97,"column":5}},"28":{"start":{"line":86,"column":6},"end":{"line":96,"column":9}},"29":{"start":{"line":87,"column":8},"end":{"line":95,"column":11}},"30":{"start":{"line":90,"column":10},"end":{"line":93,"column":11}},"31":{"start":{"line":91,"column":12},"end":{"line":91,"column":68}},"32":{"start":{"line":92,"column":12},"end":{"line":92,"column":29}},"33":{"start":{"line":94,"column":10},"end":{"line":94,"column":64}},"34":{"start":{"line":101,"column":0},"end":{"line":101,"column":20}}},"fnMap":{"0":{"name":"(anonymous_0)","decl":{"start":{"line":56,"column":14},"end":{"line":56,"column":15}},"loc":{"start":{"line":56,"column":20},"end":{"line":99,"column":1}},"line":56},"1":{"name":"(anonymous_1)","decl":{"start":{"line":61,"column":30},"end":{"line":61,"column":31}},"loc":{"start":{"line":61,"column":46},"end":{"line":77,"column":3}},"line":61},"2":{"name":"(anonymous_2)","decl":{"start":{"line":67,"column":19},"end":{"line":67,"column":20}},"loc":{"start":{"line":67,"column":27},"end":{"line":75,"column":7}},"line":67},"3":{"name":"(anonymous_3)","decl":{"start":{"line":68,"column":28},"end":{"line":68,"column":29}},"loc":{"start":{"line":68,"column":35},"end":{"line":74,"column":9}},"line":68},"4":{"name":"(anonymous_4)","decl":{"start":{"line":80,"column":30},"end":{"line":80,"column":31}},"loc":{"start":{"line":80,"column":46},"end":{"line":98,"column":3}},"line":80},"5":{"name":"(anonymous_5)","decl":{"start":{"line":86,"column":19},"end":{"line":86,"column":20}},"loc":{"start":{"line":86,"column":27},"end":{"line":96,"column":7}},"line":86},"6":{"name":"(anonymous_6)","decl":{"start":{"line":89,"column":15},"end":{"line":89,"column":16}},"loc":{"start":{"line":89,"column":22},"end":{"line":95,"column":9}},"line":89}},"branchMap":{"0":{"loc":{"start":{"line":62,"column":4},"end":{"line":65,"column":5}},"type":"if","locations":[{"start":{"line":62,"column":4},"end":{"line":65,"column":5}},{"start":{"line":62,"column":4},"end":{"line":65,"column":5}}],"line":62},"1":{"loc":{"start":{"line":66,"column":4},"end":{"line":76,"column":5}},"type":"if","locations":[{"start":{"line":66,"column":4},"end":{"line":76,"column":5}},{"start":{"line":66,"column":4},"end":{"line":76,"column":5}}],"line":66},"2":{"loc":{"start":{"line":69,"column":10},"end":{"line":72,"column":11}},"type":"if","locations":[{"start":{"line":69,"column":10},"end":{"line":72,"column":11}},{"start":{"line":69,"column":10},"end":{"line":72,"column":11}}],"line":69},"3":{"loc":{"start":{"line":81,"column":4},"end":{"line":84,"column":5}},"type":"if","locations":[{"start":{"line":81,"column":4},"end":{"line":84,"column":5}},{"start":{"line":81,"column":4},"end":{"line":84,"column":5}}],"line":81},"4":{"loc":{"start":{"line":85,"column":4},"end":{"line":97,"column":5}},"type":"if","locations":[{"start":{"line":85,"column":4},"end":{"line":97,"column":5}},{"start":{"line":85,"column":4},"end":{"line":97,"column":5}}],"line":85},"5":{"loc":{"start":{"line":90,"column":10},"end":{"line":93,"column":11}},"type":"if","locations":[{"start":{"line":90,"column":10},"end":{"line":93,"column":11}},{"start":{"line":90,"column":10},"end":{"line":93,"column":11}}],"line":90}},"s":{"0":1,"1":1,"2":1,"3":1,"4":1,"5":1,"6":1,"7":1,"8":1,"9":1,"10":1,"11":1,"12":1,"13":0,"14":0,"15":1,"16":0,"17":0,"18":0,"19":0,"20":0,"21":0,"22":1,"23":1,"24":1,"25":0,"26":0,"27":1,"28":0,"29":0,"30":0,"31":0,"32":0,"33":0,"34":1},"f":{"0":1,"1":1,"2":0,"3":0,"4":1,"5":0,"6":0},"b":{"0":[0,1],"1":[0,1],"2":[0,0],"3":[0,1],"4":[0,1],"5":[0,0]},"_coverageSchema":"1a1c01bbd47fc00a2c39e90264f33305004495a9","hash":"4001def9c7eda33d181db418bb5f88065fa8a7f9","contentHash":"65820cf28d4fa5278eeee1f4e7777e6f92f97cf39f29de3df7a9c864d26ec09f"},"/home/marco/apps/sistemisolari/appalti190-server/src/models/user.model.js":{"path":"/home/marco/apps/sistemisolari/appalti190-server/src/models/user.model.js","statementMap":{"0":{"start":{"line":1,"column":17},"end":{"line":1,"column":36}},"1":{"start":{"line":2,"column":15},"end":{"line":2,"column":34}},"2":{"start":{"line":3,"column":13},"end":{"line":3,"column":36}},"3":{"start":{"line":4,"column":13},"end":{"line":4,"column":36}},"4":{"start":{"line":5,"column":25},"end":{"line":5,"column":60}},"5":{"start":{"line":8,"column":22},"end":{"line":15,"column":2}},"6":{"start":{"line":17,"column":19},"end":{"line":79,"column":22}},"7":{"start":{"line":81,"column":0},"end":{"line":87,"column":3}},"8":{"start":{"line":82,"column":15},"end":{"line":82,"column":19}},"9":{"start":{"line":83,"column":18},"end":{"line":83,"column":20}},"10":{"start":{"line":84,"column":2},"end":{"line":84,"column":62}},"11":{"start":{"line":84,"column":34},"end":{"line":84,"column":62}},"12":{"start":{"line":85,"column":2},"end":{"line":85,"column":65}},"13":{"start":{"line":85,"column":37},"end":{"line":85,"column":65}},"14":{"start":{"line":86,"column":2},"end":{"line":86,"column":24}},"15":{"start":{"line":89,"column":0},"end":{"line":99,"column":3}},"16":{"start":{"line":90,"column":15},"end":{"line":90,"column":19}},"17":{"start":{"line":92,"column":2},"end":{"line":92,"column":50}},"18":{"start":{"line":92,"column":36},"end":{"line":92,"column":50}},"19":{"start":{"line":94,"column":2},"end":{"line":98,"column":5}},"20":{"start":{"line":95,"column":4},"end":{"line":95,"column":30}},"21":{"start":{"line":95,"column":13},"end":{"line":95,"column":30}},"22":{"start":{"line":96,"column":4},"end":{"line":96,"column":25}},"23":{"start":{"line":97,"column":4},"end":{"line":97,"column":11}},"24":{"start":{"line":101,"column":0},"end":{"line":109,"column":2}},"25":{"start":{"line":102,"column":2},"end":{"line":108,"column":5}},"26":{"start":{"line":103,"column":4},"end":{"line":103,"column":34}},"27":{"start":{"line":103,"column":13},"end":{"line":103,"column":34}},"28":{"start":{"line":104,"column":6},"end":{"line":107,"column":7}},"29":{"start":{"line":105,"column":6},"end":{"line":105,"column":36}},"30":{"start":{"line":105,"column":15},"end":{"line":105,"column":36}},"31":{"start":{"line":106,"column":6},"end":{"line":106,"column":34}},"32":{"start":{"line":111,"column":0},"end":{"line":113,"column":2}},"33":{"start":{"line":112,"column":2},"end":{"line":112,"column":57}},"34":{"start":{"line":115,"column":0},"end":{"line":117,"column":2}},"35":{"start":{"line":116,"column":2},"end":{"line":116,"column":40}},"36":{"start":{"line":119,"column":0},"end":{"line":127,"column":2}},"37":{"start":{"line":120,"column":20},"end":{"line":120,"column":21}},"38":{"start":{"line":121,"column":24},"end":{"line":121,"column":31}},"39":{"start":{"line":123,"column":2},"end":{"line":126,"column":4}},"40":{"start":{"line":129,"column":0},"end":{"line":139,"column":2}},"41":{"start":{"line":130,"column":20},"end":{"line":130,"column":21}},"42":{"start":{"line":132,"column":16},"end":{"line":136,"column":3}},"43":{"start":{"line":138,"column":2},"end":{"line":138,"column":39}},"44":{"start":{"line":142,"column":19},"end":{"line":142,"column":42}},"45":{"start":{"line":143,"column":2},"end":{"line":143,"column":87}},"46":{"start":{"line":146,"column":0},"end":{"line":146,"column":52}}},"fnMap":{"0":{"name":"(anonymous_0)","decl":{"start":{"line":81,"column":23},"end":{"line":81,"column":24}},"loc":{"start":{"line":81,"column":34},"end":{"line":87,"column":1}},"line":81},"1":{"name":"(anonymous_1)","decl":{"start":{"line":89,"column":23},"end":{"line":89,"column":24}},"loc":{"start":{"line":89,"column":38},"end":{"line":99,"column":1}},"line":89},"2":{"name":"(anonymous_2)","decl":{"start":{"line":94,"column":35},"end":{"line":94,"column":36}},"loc":{"start":{"line":94,"column":55},"end":{"line":98,"column":3}},"line":94},"3":{"name":"(anonymous_3)","decl":{"start":{"line":101,"column":34},"end":{"line":101,"column":35}},"loc":{"start":{"line":101,"column":63},"end":{"line":109,"column":1}},"line":101},"4":{"name":"(anonymous_4)","decl":{"start":{"line":102,"column":21},"end":{"line":102,"column":22}},"loc":{"start":{"line":102,"column":36},"end":{"line":108,"column":3}},"line":102},"5":{"name":"(anonymous_5)","decl":{"start":{"line":104,"column":34},"end":{"line":104,"column":35}},"loc":{"start":{"line":104,"column":49},"end":{"line":107,"column":5}},"line":104},"6":{"name":"(anonymous_6)","decl":{"start":{"line":111,"column":37},"end":{"line":111,"column":38}},"loc":{"start":{"line":111,"column":70},"end":{"line":113,"column":1}},"line":111},"7":{"name":"(anonymous_7)","decl":{"start":{"line":115,"column":42},"end":{"line":115,"column":43}},"loc":{"start":{"line":115,"column":75},"end":{"line":117,"column":1}},"line":115},"8":{"name":"(anonymous_8)","decl":{"start":{"line":119,"column":47},"end":{"line":119,"column":48}},"loc":{"start":{"line":119,"column":53},"end":{"line":127,"column":1}},"line":119},"9":{"name":"(anonymous_9)","decl":{"start":{"line":129,"column":52},"end":{"line":129,"column":53}},"loc":{"start":{"line":129,"column":64},"end":{"line":139,"column":1}},"line":129},"10":{"name":"generateRandomCode","decl":{"start":{"line":141,"column":9},"end":{"line":141,"column":27}},"loc":{"start":{"line":141,"column":39},"end":{"line":144,"column":1}},"line":141}},"branchMap":{"0":{"loc":{"start":{"line":84,"column":2},"end":{"line":84,"column":62}},"type":"if","locations":[{"start":{"line":84,"column":2},"end":{"line":84,"column":62}},{"start":{"line":84,"column":2},"end":{"line":84,"column":62}}],"line":84},"1":{"loc":{"start":{"line":85,"column":2},"end":{"line":85,"column":65}},"type":"if","locations":[{"start":{"line":85,"column":2},"end":{"line":85,"column":65}},{"start":{"line":85,"column":2},"end":{"line":85,"column":65}}],"line":85},"2":{"loc":{"start":{"line":92,"column":2},"end":{"line":92,"column":50}},"type":"if","locations":[{"start":{"line":92,"column":2},"end":{"line":92,"column":50}},{"start":{"line":92,"column":2},"end":{"line":92,"column":50}}],"line":92},"3":{"loc":{"start":{"line":95,"column":4},"end":{"line":95,"column":30}},"type":"if","locations":[{"start":{"line":95,"column":4},"end":{"line":95,"column":30}},{"start":{"line":95,"column":4},"end":{"line":95,"column":30}}],"line":95},"4":{"loc":{"start":{"line":103,"column":4},"end":{"line":103,"column":34}},"type":"if","locations":[{"start":{"line":103,"column":4},"end":{"line":103,"column":34}},{"start":{"line":103,"column":4},"end":{"line":103,"column":34}}],"line":103},"5":{"loc":{"start":{"line":105,"column":6},"end":{"line":105,"column":36}},"type":"if","locations":[{"start":{"line":105,"column":6},"end":{"line":105,"column":36}},{"start":{"line":105,"column":6},"end":{"line":105,"column":36}}],"line":105}},"s":{"0":1,"1":1,"2":1,"3":1,"4":1,"5":1,"6":1,"7":1,"8":1,"9":1,"10":1,"11":1,"12":1,"13":1,"14":1,"15":1,"16":20,"17":20,"18":12,"19":8,"20":8,"21":0,"22":8,"23":8,"24":1,"25":8,"26":8,"27":0,"28":8,"29":8,"30":0,"31":8,"32":1,"33":7,"34":1,"35":0,"36":1,"37":2,"38":2,"39":2,"40":1,"41":7,"42":7,"43":7,"44":9,"45":9,"46":1},"f":{"0":1,"1":20,"2":8,"3":8,"4":8,"5":8,"6":7,"7":0,"8":2,"9":7,"10":9},"b":{"0":[1,0],"1":[1,0],"2":[12,8],"3":[0,8],"4":[0,8],"5":[0,8]},"_coverageSchema":"1a1c01bbd47fc00a2c39e90264f33305004495a9","hash":"6ca533386a6346886b28bc8a5333e99ba4288302","contentHash":"d9fc4d98750cea38e4bd47e77ee809ef51fed8ef9c83fd933b7dea7764735126"},"/home/marco/apps/sistemisolari/appalti190-server/src/models/role.model.js":{"path":"/home/marco/apps/sistemisolari/appalti190-server/src/models/role.model.js","statementMap":{"0":{"start":{"line":1,"column":17},"end":{"line":1,"column":36}},"1":{"start":{"line":3,"column":19},"end":{"line":6,"column":2}},"2":{"start":{"line":8,"column":0},"end":{"line":8,"column":52}}},"fnMap":{},"branchMap":{},"s":{"0":1,"1":1,"2":1},"f":{},"b":{},"_coverageSchema":"1a1c01bbd47fc00a2c39e90264f33305004495a9","hash":"3fbcd91de391f7d9969fd6a839623ccd8966a86c","contentHash":"b4299ea48a6642da1a71bf3ad31d73fb4a69503133a467b5b55de2606d1d1479"},"/home/marco/apps/sistemisolari/appalti190-server/src/models/plan.model.js":{"path":"/home/marco/apps/sistemisolari/appalti190-server/src/models/plan.model.js","statementMap":{"0":{"start":{"line":1,"column":17},"end":{"line":1,"column":36}},"1":{"start":{"line":3,"column":19},"end":{"line":18,"column":2}},"2":{"start":{"line":20,"column":0},"end":{"line":28,"column":3}},"3":{"start":{"line":21,"column":15},"end":{"line":21,"column":19}},"4":{"start":{"line":24,"column":2},"end":{"line":26,"column":3}},"5":{"start":{"line":25,"column":4},"end":{"line":25,"column":52}},"6":{"start":{"line":27,"column":2},"end":{"line":27,"column":9}},"7":{"start":{"line":30,"column":0},"end":{"line":30,"column":52}}},"fnMap":{"0":{"name":"(anonymous_0)","decl":{"start":{"line":20,"column":23},"end":{"line":20,"column":24}},"loc":{"start":{"line":20,"column":38},"end":{"line":28,"column":1}},"line":20}},"branchMap":{"0":{"loc":{"start":{"line":24,"column":2},"end":{"line":26,"column":3}},"type":"if","locations":[{"start":{"line":24,"column":2},"end":{"line":26,"column":3}},{"start":{"line":24,"column":2},"end":{"line":26,"column":3}}],"line":24}},"s":{"0":1,"1":1,"2":1,"3":0,"4":0,"5":0,"6":0,"7":1},"f":{"0":0},"b":{"0":[0,0]},"_coverageSchema":"1a1c01bbd47fc00a2c39e90264f33305004495a9","hash":"f96facfbebbb69706bea17702a1b09db6a779f8e","contentHash":"0e38325dd268109b4d7ff1336d7fbc1d8227324ef3c3ce80676c5a227192f6b3"},"/home/marco/apps/sistemisolari/appalti190-server/src/models/verificationCode.model.js":{"path":"/home/marco/apps/sistemisolari/appalti190-server/src/models/verificationCode.model.js","statementMap":{"0":{"start":{"line":1,"column":17},"end":{"line":1,"column":36}},"1":{"start":{"line":2,"column":15},"end":{"line":2,"column":35}},"2":{"start":{"line":7,"column":31},"end":{"line":23,"column":2}},"3":{"start":{"line":25,"column":25},"end":{"line":25,"column":83}},"4":{"start":{"line":27,"column":0},"end":{"line":27,"column":34}}},"fnMap":{},"branchMap":{},"s":{"0":1,"1":1,"2":1,"3":1,"4":1},"f":{},"b":{},"_coverageSchema":"1a1c01bbd47fc00a2c39e90264f33305004495a9","hash":"cc5613bdb420349756a11be603356ba421ef1084","contentHash":"ee5ac63ac69054a8221f94336624a1a9d8cc3ace2767bd863692336d185d449b"},"/home/marco/apps/sistemisolari/appalti190-server/src/models/refreshToken.model.js":{"path":"/home/marco/apps/sistemisolari/appalti190-server/src/models/refreshToken.model.js","statementMap":{"0":{"start":{"line":1,"column":17},"end":{"line":1,"column":36}},"1":{"start":{"line":2,"column":15},"end":{"line":2,"column":35}},"2":{"start":{"line":3,"column":23},"end":{"line":3,"column":38}},"3":{"start":{"line":5,"column":27},"end":{"line":18,"column":2}},"4":{"start":{"line":20,"column":0},"end":{"line":40,"column":2}},"5":{"start":{"line":21,"column":20},"end":{"line":21,"column":30}},"6":{"start":{"line":23,"column":2},"end":{"line":25,"column":4}},"7":{"start":{"line":27,"column":16},"end":{"line":27,"column":24}},"8":{"start":{"line":29,"column":17},"end":{"line":33,"column":4}},"9":{"start":{"line":37,"column":23},"end":{"line":37,"column":42}},"10":{"start":{"line":39,"column":2},"end":{"line":39,"column":28}},"11":{"start":{"line":42,"column":0},"end":{"line":44,"column":1}},"12":{"start":{"line":43,"column":2},"end":{"line":43,"column":59}},"13":{"start":{"line":46,"column":21},"end":{"line":46,"column":71}},"14":{"start":{"line":48,"column":0},"end":{"line":48,"column":30}}},"fnMap":{"0":{"name":"(anonymous_0)","decl":{"start":{"line":20,"column":41},"end":{"line":20,"column":42}},"loc":{"start":{"line":20,"column":63},"end":{"line":40,"column":1}},"line":20},"1":{"name":"(anonymous_1)","decl":{"start":{"line":42,"column":46},"end":{"line":42,"column":47}},"loc":{"start":{"line":42,"column":57},"end":{"line":44,"column":1}},"line":42}},"branchMap":{},"s":{"0":1,"1":1,"2":1,"3":1,"4":1,"5":7,"6":7,"7":7,"8":7,"9":7,"10":7,"11":1,"12":1,"13":1,"14":1},"f":{"0":7,"1":1},"b":{},"_coverageSchema":"1a1c01bbd47fc00a2c39e90264f33305004495a9","hash":"a4cbf21c19eb350243ed7808d9f79ea2dce80926","contentHash":"1dd92f58fae818b1de482b3366eefa6484e73c2f4f2e0f0173893874090501ce"},"/home/marco/apps/sistemisolari/appalti190-server/src/helpers/environment.js":{"path":"/home/marco/apps/sistemisolari/appalti190-server/src/helpers/environment.js","statementMap":{"0":{"start":{"line":1,"column":15},"end":{"line":1,"column":35}},"1":{"start":{"line":2,"column":35},"end":{"line":2,"column":69}},"2":{"start":{"line":4,"column":0},"end":{"line":25,"column":2}},"3":{"start":{"line":6,"column":4},"end":{"line":10,"column":5}},"4":{"start":{"line":7,"column":6},"end":{"line":7,"column":36}},"5":{"start":{"line":8,"column":6},"end":{"line":8,"column":45}},"6":{"start":{"line":9,"column":6},"end":{"line":9,"column":19}},"7":{"start":{"line":14,"column":20},"end":{"line":16,"column":6}},"8":{"start":{"line":15,"column":6},"end":{"line":15,"column":33}},"9":{"start":{"line":17,"column":4},"end":{"line":21,"column":5}},"10":{"start":{"line":18,"column":6},"end":{"line":18,"column":48}},"11":{"start":{"line":19,"column":6},"end":{"line":19,"column":75}},"12":{"start":{"line":20,"column":6},"end":{"line":20,"column":19}},"13":{"start":{"line":23,"column":4},"end":{"line":23,"column":16}}},"fnMap":{"0":{"name":"(anonymous_0)","decl":{"start":{"line":5,"column":21},"end":{"line":5,"column":22}},"loc":{"start":{"line":5,"column":27},"end":{"line":24,"column":3}},"line":5},"1":{"name":"(anonymous_1)","decl":{"start":{"line":14,"column":55},"end":{"line":14,"column":56}},"loc":{"start":{"line":14,"column":60},"end":{"line":16,"column":5}},"line":14}},"branchMap":{"0":{"loc":{"start":{"line":6,"column":4},"end":{"line":10,"column":5}},"type":"if","locations":[{"start":{"line":6,"column":4},"end":{"line":10,"column":5}},{"start":{"line":6,"column":4},"end":{"line":10,"column":5}}],"line":6},"1":{"loc":{"start":{"line":17,"column":4},"end":{"line":21,"column":5}},"type":"if","locations":[{"start":{"line":17,"column":4},"end":{"line":21,"column":5}},{"start":{"line":17,"column":4},"end":{"line":21,"column":5}}],"line":17}},"s":{"0":1,"1":1,"2":1,"3":1,"4":0,"5":0,"6":0,"7":1,"8":10,"9":1,"10":0,"11":0,"12":0,"13":1},"f":{"0":1,"1":10},"b":{"0":[0,1],"1":[0,1]},"_coverageSchema":"1a1c01bbd47fc00a2c39e90264f33305004495a9","hash":"1c9b2bc52fb6bf63a51a45f12ee2c5c94b9ac4b8","contentHash":"9bbe9d62e1dbb4182d7163405a4c5887f68853bd63734396d857c8230b6806d4"},"/home/marco/apps/sistemisolari/appalti190-server/src/helpers/notification.js":{"path":"/home/marco/apps/sistemisolari/appalti190-server/src/helpers/notification.js","statementMap":{"0":{"start":{"line":1,"column":15},"end":{"line":1,"column":40}},"1":{"start":{"line":2,"column":15},"end":{"line":2,"column":35}},"2":{"start":{"line":4,"column":19},"end":{"line":6,"column":1}},"3":{"start":{"line":5,"column":2},"end":{"line":5,"column":49}},"4":{"start":{"line":8,"column":18},"end":{"line":20,"column":1}},"5":{"start":{"line":10,"column":2},"end":{"line":10,"column":63}},"6":{"start":{"line":10,"column":23},"end":{"line":10,"column":63}},"7":{"start":{"line":11,"column":2},"end":{"line":11,"column":67}},"8":{"start":{"line":11,"column":25},"end":{"line":11,"column":67}},"9":{"start":{"line":13,"column":2},"end":{"line":13,"column":102}},"10":{"start":{"line":14,"column":2},"end":{"line":19,"column":5}},"11":{"start":{"line":15,"column":4},"end":{"line":18,"column":7}},"12":{"start":{"line":16,"column":6},"end":{"line":16,"column":38}},"13":{"start":{"line":16,"column":17},"end":{"line":16,"column":38}},"14":{"start":{"line":17,"column":6},"end":{"line":17,"column":29}},"15":{"start":{"line":22,"column":31},"end":{"line":34,"column":1}},"16":{"start":{"line":23,"column":18},"end":{"line":23,"column":48}},"17":{"start":{"line":24,"column":13},"end":{"line":24,"column":42}},"18":{"start":{"line":25,"column":15},"end":{"line":25,"column":46}},"19":{"start":{"line":26,"column":15},"end":{"line":26,"column":19}},"20":{"start":{"line":27,"column":2},"end":{"line":27,"column":91}},"21":{"start":{"line":28,"column":2},"end":{"line":33,"column":3}},"22":{"start":{"line":29,"column":4},"end":{"line":29,"column":54}},"23":{"start":{"line":30,"column":4},"end":{"line":30,"column":47}},"24":{"start":{"line":32,"column":4},"end":{"line":32,"column":77}},"25":{"start":{"line":36,"column":21},"end":{"line":46,"column":1}},"26":{"start":{"line":37,"column":2},"end":{"line":37,"column":52}},"27":{"start":{"line":37,"column":45},"end":{"line":37,"column":52}},"28":{"start":{"line":38,"column":2},"end":{"line":38,"column":31}},"29":{"start":{"line":39,"column":13},"end":{"line":39,"column":42}},"30":{"start":{"line":40,"column":15},"end":{"line":40,"column":46}},"31":{"start":{"line":41,"column":2},"end":{"line":45,"column":3}},"32":{"start":{"line":42,"column":4},"end":{"line":42,"column":47}},"33":{"start":{"line":44,"column":4},"end":{"line":44,"column":77}},"34":{"start":{"line":48,"column":0},"end":{"line":53,"column":2}}},"fnMap":{"0":{"name":"(anonymous_0)","decl":{"start":{"line":4,"column":19},"end":{"line":4,"column":20}},"loc":{"start":{"line":4,"column":25},"end":{"line":6,"column":1}},"line":4},"1":{"name":"(anonymous_1)","decl":{"start":{"line":8,"column":18},"end":{"line":8,"column":19}},"loc":{"start":{"line":8,"column":35},"end":{"line":20,"column":1}},"line":8},"2":{"name":"(anonymous_2)","decl":{"start":{"line":14,"column":21},"end":{"line":14,"column":22}},"loc":{"start":{"line":14,"column":42},"end":{"line":19,"column":3}},"line":14},"3":{"name":"(anonymous_3)","decl":{"start":{"line":15,"column":29},"end":{"line":15,"column":30}},"loc":{"start":{"line":15,"column":48},"end":{"line":18,"column":5}},"line":15},"4":{"name":"(anonymous_4)","decl":{"start":{"line":22,"column":31},"end":{"line":22,"column":32}},"loc":{"start":{"line":22,"column":47},"end":{"line":34,"column":1}},"line":22},"5":{"name":"(anonymous_5)","decl":{"start":{"line":36,"column":21},"end":{"line":36,"column":22}},"loc":{"start":{"line":36,"column":48},"end":{"line":46,"column":1}},"line":36}},"branchMap":{"0":{"loc":{"start":{"line":10,"column":2},"end":{"line":10,"column":63}},"type":"if","locations":[{"start":{"line":10,"column":2},"end":{"line":10,"column":63}},{"start":{"line":10,"column":2},"end":{"line":10,"column":63}}],"line":10},"1":{"loc":{"start":{"line":11,"column":2},"end":{"line":11,"column":67}},"type":"if","locations":[{"start":{"line":11,"column":2},"end":{"line":11,"column":67}},{"start":{"line":11,"column":2},"end":{"line":11,"column":67}}],"line":11},"2":{"loc":{"start":{"line":13,"column":45},"end":{"line":13,"column":77}},"type":"cond-expr","locations":[{"start":{"line":13,"column":67},"end":{"line":13,"column":72}},{"start":{"line":13,"column":75},"end":{"line":13,"column":77}}],"line":13},"3":{"loc":{"start":{"line":16,"column":6},"end":{"line":16,"column":38}},"type":"if","locations":[{"start":{"line":16,"column":6},"end":{"line":16,"column":38}},{"start":{"line":16,"column":6},"end":{"line":16,"column":38}}],"line":16},"4":{"loc":{"start":{"line":37,"column":2},"end":{"line":37,"column":52}},"type":"if","locations":[{"start":{"line":37,"column":2},"end":{"line":37,"column":52}},{"start":{"line":37,"column":2},"end":{"line":37,"column":52}}],"line":37},"5":{"loc":{"start":{"line":38,"column":9},"end":{"line":38,"column":30}},"type":"cond-expr","locations":[{"start":{"line":38,"column":16},"end":{"line":38,"column":20}},{"start":{"line":38,"column":23},"end":{"line":38,"column":30}}],"line":38}},"s":{"0":1,"1":1,"2":1,"3":1,"4":1,"5":0,"6":0,"7":0,"8":0,"9":0,"10":0,"11":0,"12":0,"13":0,"14":0,"15":1,"16":0,"17":0,"18":0,"19":0,"20":0,"21":0,"22":0,"23":0,"24":0,"25":1,"26":14,"27":14,"28":0,"29":0,"30":0,"31":0,"32":0,"33":0,"34":1},"f":{"0":1,"1":0,"2":0,"3":0,"4":0,"5":14},"b":{"0":[0,0],"1":[0,0],"2":[0,0],"3":[0,0],"4":[14,0],"5":[0,0]},"_coverageSchema":"1a1c01bbd47fc00a2c39e90264f33305004495a9","hash":"867d658aad848082db974856ec074bfca68ec187","contentHash":"8e6ef91fe8a8c01a52d4a379a16e6fa26200dcd310bd1519a69f2f2a4a5ad1e3"},"/home/marco/apps/sistemisolari/appalti190-server/src/helpers/misc.js":{"path":"/home/marco/apps/sistemisolari/appalti190-server/src/helpers/misc.js","statementMap":{"0":{"start":{"line":1,"column":12},"end":{"line":1,"column":26}},"1":{"start":{"line":2,"column":15},"end":{"line":2,"column":35}},"2":{"start":{"line":3,"column":11},"end":{"line":3,"column":31}},"3":{"start":{"line":4,"column":13},"end":{"line":4,"column":27}},"4":{"start":{"line":5,"column":13},"end":{"line":5,"column":27}},"5":{"start":{"line":7,"column":0},"end":{"line":132,"column":2}},"6":{"start":{"line":10,"column":4},"end":{"line":10,"column":35}},"7":{"start":{"line":10,"column":23},"end":{"line":10,"column":35}},"8":{"start":{"line":12,"column":4},"end":{"line":14,"column":5}},"9":{"start":{"line":13,"column":6},"end":{"line":13,"column":32}},"10":{"start":{"line":16,"column":4},"end":{"line":24,"column":5}},"11":{"start":{"line":17,"column":6},"end":{"line":17,"column":43}},"12":{"start":{"line":17,"column":34},"end":{"line":17,"column":43}},"13":{"start":{"line":19,"column":6},"end":{"line":19,"column":40}},"14":{"start":{"line":19,"column":31},"end":{"line":19,"column":40}},"15":{"start":{"line":21,"column":6},"end":{"line":23,"column":7}},"16":{"start":{"line":22,"column":8},"end":{"line":22,"column":72}},"17":{"start":{"line":22,"column":63},"end":{"line":22,"column":72}},"18":{"start":{"line":26,"column":4},"end":{"line":36,"column":5}},"19":{"start":{"line":27,"column":6},"end":{"line":29,"column":7}},"20":{"start":{"line":28,"column":8},"end":{"line":28,"column":17}},"21":{"start":{"line":30,"column":6},"end":{"line":35,"column":7}},"22":{"start":{"line":32,"column":8},"end":{"line":34,"column":9}},"23":{"start":{"line":33,"column":10},"end":{"line":33,"column":19}},"24":{"start":{"line":38,"column":4},"end":{"line":38,"column":16}},"25":{"start":{"line":42,"column":4},"end":{"line":44,"column":5}},"26":{"start":{"line":43,"column":6},"end":{"line":43,"column":17}},"27":{"start":{"line":45,"column":12},"end":{"line":45,"column":15}},"28":{"start":{"line":46,"column":4},"end":{"line":46,"column":26}},"29":{"start":{"line":47,"column":4},"end":{"line":47,"column":13}},"30":{"start":{"line":56,"column":4},"end":{"line":58,"column":5}},"31":{"start":{"line":57,"column":6},"end":{"line":57,"column":18}},"32":{"start":{"line":60,"column":4},"end":{"line":60,"column":39}},"33":{"start":{"line":62,"column":20},"end":{"line":62,"column":42}},"34":{"start":{"line":67,"column":20},"end":{"line":67,"column":47}},"35":{"start":{"line":68,"column":17},"end":{"line":68,"column":45}},"36":{"start":{"line":70,"column":4},"end":{"line":70,"column":33}},"37":{"start":{"line":73,"column":22},"end":{"line":73,"column":56}},"38":{"start":{"line":74,"column":27},"end":{"line":74,"column":55}},"39":{"start":{"line":75,"column":4},"end":{"line":77,"column":5}},"40":{"start":{"line":76,"column":6},"end":{"line":76,"column":57}},"41":{"start":{"line":79,"column":4},"end":{"line":79,"column":36}},"42":{"start":{"line":83,"column":4},"end":{"line":83,"column":79}},"43":{"start":{"line":87,"column":17},"end":{"line":87,"column":56}},"44":{"start":{"line":88,"column":12},"end":{"line":88,"column":26}},"45":{"start":{"line":89,"column":4},"end":{"line":89,"column":38}},"46":{"start":{"line":90,"column":15},"end":{"line":90,"column":30}},"47":{"start":{"line":91,"column":16},"end":{"line":91,"column":39}},"48":{"start":{"line":92,"column":4},"end":{"line":92,"column":46}},"49":{"start":{"line":92,"column":26},"end":{"line":92,"column":46}},"50":{"start":{"line":93,"column":14},"end":{"line":93,"column":30}},"51":{"start":{"line":94,"column":4},"end":{"line":94,"column":40}},"52":{"start":{"line":94,"column":24},"end":{"line":94,"column":40}},"53":{"start":{"line":95,"column":15},"end":{"line":95,"column":32}},"54":{"start":{"line":96,"column":4},"end":{"line":96,"column":43}},"55":{"start":{"line":96,"column":25},"end":{"line":96,"column":43}},"56":{"start":{"line":97,"column":17},"end":{"line":97,"column":36}},"57":{"start":{"line":98,"column":4},"end":{"line":98,"column":49}},"58":{"start":{"line":98,"column":27},"end":{"line":98,"column":49}},"59":{"start":{"line":99,"column":17},"end":{"line":99,"column":36}},"60":{"start":{"line":100,"column":4},"end":{"line":100,"column":49}},"61":{"start":{"line":100,"column":27},"end":{"line":100,"column":49}},"62":{"start":{"line":101,"column":4},"end":{"line":101,"column":81}},"63":{"start":{"line":105,"column":4},"end":{"line":110,"column":26}},"64":{"start":{"line":114,"column":4},"end":{"line":129,"column":7}},"65":{"start":{"line":117,"column":6},"end":{"line":119,"column":7}},"66":{"start":{"line":118,"column":8},"end":{"line":118,"column":21}},"67":{"start":{"line":120,"column":6},"end":{"line":122,"column":7}},"68":{"start":{"line":121,"column":8},"end":{"line":121,"column":21}},"69":{"start":{"line":123,"column":6},"end":{"line":127,"column":7}},"70":{"start":{"line":123,"column":19},"end":{"line":123,"column":20}},"71":{"start":{"line":124,"column":8},"end":{"line":126,"column":9}},"72":{"start":{"line":125,"column":10},"end":{"line":125,"column":22}},"73":{"start":{"line":128,"column":6},"end":{"line":128,"column":19}},"74":{"start":{"line":134,"column":20},"end":{"line":144,"column":1}},"75":{"start":{"line":141,"column":2},"end":{"line":141,"column":37}},"76":{"start":{"line":143,"column":2},"end":{"line":143,"column":16}}},"fnMap":{"0":{"name":"(anonymous_0)","decl":{"start":{"line":9,"column":18},"end":{"line":9,"column":19}},"loc":{"start":{"line":9,"column":34},"end":{"line":39,"column":3}},"line":9},"1":{"name":"(anonymous_1)","decl":{"start":{"line":41,"column":15},"end":{"line":41,"column":16}},"loc":{"start":{"line":41,"column":24},"end":{"line":48,"column":3}},"line":41},"2":{"name":"(anonymous_2)","decl":{"start":{"line":54,"column":18},"end":{"line":54,"column":19}},"loc":{"start":{"line":54,"column":29},"end":{"line":80,"column":3}},"line":54},"3":{"name":"(anonymous_3)","decl":{"start":{"line":82,"column":21},"end":{"line":82,"column":22}},"loc":{"start":{"line":82,"column":27},"end":{"line":84,"column":3}},"line":82},"4":{"name":"(anonymous_4)","decl":{"start":{"line":86,"column":35},"end":{"line":86,"column":36}},"loc":{"start":{"line":86,"column":58},"end":{"line":102,"column":3}},"line":86},"5":{"name":"(anonymous_5)","decl":{"start":{"line":104,"column":17},"end":{"line":104,"column":18}},"loc":{"start":{"line":104,"column":26},"end":{"line":111,"column":3}},"line":104},"6":{"name":"(anonymous_6)","decl":{"start":{"line":113,"column":11},"end":{"line":113,"column":12}},"loc":{"start":{"line":113,"column":28},"end":{"line":130,"column":3}},"line":113},"7":{"name":"(anonymous_7)","decl":{"start":{"line":116,"column":10},"end":{"line":116,"column":11}},"loc":{"start":{"line":116,"column":30},"end":{"line":129,"column":5}},"line":116},"8":{"name":"(anonymous_8)","decl":{"start":{"line":134,"column":20},"end":{"line":134,"column":21}},"loc":{"start":{"line":134,"column":32},"end":{"line":144,"column":1}},"line":134}},"branchMap":{"0":{"loc":{"start":{"line":10,"column":4},"end":{"line":10,"column":35}},"type":"if","locations":[{"start":{"line":10,"column":4},"end":{"line":10,"column":35}},{"start":{"line":10,"column":4},"end":{"line":10,"column":35}}],"line":10},"1":{"loc":{"start":{"line":12,"column":4},"end":{"line":14,"column":5}},"type":"if","locations":[{"start":{"line":12,"column":4},"end":{"line":14,"column":5}},{"start":{"line":12,"column":4},"end":{"line":14,"column":5}}],"line":12},"2":{"loc":{"start":{"line":12,"column":8},"end":{"line":12,"column":62}},"type":"binary-expr","locations":[{"start":{"line":12,"column":8},"end":{"line":12,"column":32}},{"start":{"line":12,"column":36},"end":{"line":12,"column":62}}],"line":12},"3":{"loc":{"start":{"line":17,"column":6},"end":{"line":17,"column":43}},"type":"if","locations":[{"start":{"line":17,"column":6},"end":{"line":17,"column":43}},{"start":{"line":17,"column":6},"end":{"line":17,"column":43}}],"line":17},"4":{"loc":{"start":{"line":19,"column":6},"end":{"line":19,"column":40}},"type":"if","locations":[{"start":{"line":19,"column":6},"end":{"line":19,"column":40}},{"start":{"line":19,"column":6},"end":{"line":19,"column":40}}],"line":19},"5":{"loc":{"start":{"line":21,"column":6},"end":{"line":23,"column":7}},"type":"if","locations":[{"start":{"line":21,"column":6},"end":{"line":23,"column":7}},{"start":{"line":21,"column":6},"end":{"line":23,"column":7}}],"line":21},"6":{"loc":{"start":{"line":22,"column":8},"end":{"line":22,"column":72}},"type":"if","locations":[{"start":{"line":22,"column":8},"end":{"line":22,"column":72}},{"start":{"line":22,"column":8},"end":{"line":22,"column":72}}],"line":22},"7":{"loc":{"start":{"line":27,"column":6},"end":{"line":29,"column":7}},"type":"if","locations":[{"start":{"line":27,"column":6},"end":{"line":29,"column":7}},{"start":{"line":27,"column":6},"end":{"line":29,"column":7}}],"line":27},"8":{"loc":{"start":{"line":27,"column":10},"end":{"line":27,"column":59}},"type":"binary-expr","locations":[{"start":{"line":27,"column":10},"end":{"line":27,"column":33}},{"start":{"line":27,"column":37},"end":{"line":27,"column":59}}],"line":27},"9":{"loc":{"start":{"line":30,"column":6},"end":{"line":35,"column":7}},"type":"if","locations":[{"start":{"line":30,"column":6},"end":{"line":35,"column":7}},{"start":{"line":30,"column":6},"end":{"line":35,"column":7}}],"line":30},"10":{"loc":{"start":{"line":30,"column":10},"end":{"line":30,"column":138}},"type":"binary-expr","locations":[{"start":{"line":30,"column":10},"end":{"line":30,"column":38}},{"start":{"line":30,"column":42},"end":{"line":30,"column":70}},{"start":{"line":30,"column":74},"end":{"line":30,"column":103}},{"start":{"line":30,"column":107},"end":{"line":30,"column":138}}],"line":30},"11":{"loc":{"start":{"line":32,"column":8},"end":{"line":34,"column":9}},"type":"if","locations":[{"start":{"line":32,"column":8},"end":{"line":34,"column":9}},{"start":{"line":32,"column":8},"end":{"line":34,"column":9}}],"line":32},"12":{"loc":{"start":{"line":42,"column":4},"end":{"line":44,"column":5}},"type":"if","locations":[{"start":{"line":42,"column":4},"end":{"line":44,"column":5}},{"start":{"line":42,"column":4},"end":{"line":44,"column":5}}],"line":42},"13":{"loc":{"start":{"line":56,"column":4},"end":{"line":58,"column":5}},"type":"if","locations":[{"start":{"line":56,"column":4},"end":{"line":58,"column":5}},{"start":{"line":56,"column":4},"end":{"line":58,"column":5}}],"line":56},"14":{"loc":{"start":{"line":73,"column":22},"end":{"line":73,"column":56}},"type":"cond-expr","locations":[{"start":{"line":73,"column":47},"end":{"line":73,"column":50}},{"start":{"line":73,"column":53},"end":{"line":73,"column":56}}],"line":73},"15":{"loc":{"start":{"line":75,"column":4},"end":{"line":77,"column":5}},"type":"if","locations":[{"start":{"line":75,"column":4},"end":{"line":77,"column":5}},{"start":{"line":75,"column":4},"end":{"line":77,"column":5}}],"line":75},"16":{"loc":{"start":{"line":86,"column":36},"end":{"line":86,"column":53}},"type":"default-arg","locations":[{"start":{"line":86,"column":43},"end":{"line":86,"column":53}}],"line":86},"17":{"loc":{"start":{"line":92,"column":4},"end":{"line":92,"column":46}},"type":"if","locations":[{"start":{"line":92,"column":4},"end":{"line":92,"column":46}},{"start":{"line":92,"column":4},"end":{"line":92,"column":46}}],"line":92},"18":{"loc":{"start":{"line":94,"column":4},"end":{"line":94,"column":40}},"type":"if","locations":[{"start":{"line":94,"column":4},"end":{"line":94,"column":40}},{"start":{"line":94,"column":4},"end":{"line":94,"column":40}}],"line":94},"19":{"loc":{"start":{"line":96,"column":4},"end":{"line":96,"column":43}},"type":"if","locations":[{"start":{"line":96,"column":4},"end":{"line":96,"column":43}},{"start":{"line":96,"column":4},"end":{"line":96,"column":43}}],"line":96},"20":{"loc":{"start":{"line":98,"column":4},"end":{"line":98,"column":49}},"type":"if","locations":[{"start":{"line":98,"column":4},"end":{"line":98,"column":49}},{"start":{"line":98,"column":4},"end":{"line":98,"column":49}}],"line":98},"21":{"loc":{"start":{"line":100,"column":4},"end":{"line":100,"column":49}},"type":"if","locations":[{"start":{"line":100,"column":4},"end":{"line":100,"column":49}},{"start":{"line":100,"column":4},"end":{"line":100,"column":49}}],"line":100},"22":{"loc":{"start":{"line":106,"column":6},"end":{"line":109,"column":41}},"type":"binary-expr","locations":[{"start":{"line":106,"column":6},"end":{"line":106,"column":36}},{"start":{"line":107,"column":6},"end":{"line":107,"column":34}},{"start":{"line":108,"column":6},"end":{"line":108,"column":30}},{"start":{"line":109,"column":6},"end":{"line":109,"column":41}}],"line":106},"23":{"loc":{"start":{"line":117,"column":6},"end":{"line":119,"column":7}},"type":"if","locations":[{"start":{"line":117,"column":6},"end":{"line":119,"column":7}},{"start":{"line":117,"column":6},"end":{"line":119,"column":7}}],"line":117},"24":{"loc":{"start":{"line":120,"column":6},"end":{"line":122,"column":7}},"type":"if","locations":[{"start":{"line":120,"column":6},"end":{"line":122,"column":7}},{"start":{"line":120,"column":6},"end":{"line":122,"column":7}}],"line":120},"25":{"loc":{"start":{"line":124,"column":8},"end":{"line":126,"column":9}},"type":"if","locations":[{"start":{"line":124,"column":8},"end":{"line":126,"column":9}},{"start":{"line":124,"column":8},"end":{"line":126,"column":9}}],"line":124}},"s":{"0":1,"1":1,"2":1,"3":1,"4":1,"5":1,"6":6,"7":0,"8":6,"9":0,"10":6,"11":75,"12":0,"13":75,"14":5,"15":70,"16":1,"17":0,"18":6,"19":6,"20":0,"21":6,"22":5,"23":0,"24":6,"25":0,"26":0,"27":0,"28":0,"29":0,"30":19,"31":1,"32":18,"33":18,"34":18,"35":18,"36":18,"37":18,"38":18,"39":18,"40":0,"41":18,"42":14,"43":0,"44":0,"45":0,"46":0,"47":0,"48":0,"49":0,"50":0,"51":0,"52":0,"53":0,"54":0,"55":0,"56":0,"57":0,"58":0,"59":0,"60":0,"61":0,"62":0,"63":14,"64":8,"65":8,"66":0,"67":8,"68":1,"69":7,"70":7,"71":7,"72":1,"73":6,"74":1,"75":18,"76":18},"f":{"0":6,"1":0,"2":19,"3":14,"4":0,"5":14,"6":8,"7":8,"8":18},"b":{"0":[0,6],"1":[0,6],"2":[6,6],"3":[0,75],"4":[5,70],"5":[1,69],"6":[0,1],"7":[0,6],"8":[6,6],"9":[5,1],"10":[6,1,1,1],"11":[0,5],"12":[0,0],"13":[1,18],"14":[0,18],"15":[0,18],"16":[0],"17":[0,0],"18":[0,0],"19":[0,0],"20":[0,0],"21":[0,0],"22":[14,14,0,0],"23":[0,8],"24":[1,7],"25":[1,6]},"_coverageSchema":"1a1c01bbd47fc00a2c39e90264f33305004495a9","hash":"397ab7dbcaee3fa25f4910ed51cdd736bf32b228","contentHash":"aa400fba8f85661f3dbe7e678bf4d277c2b95823877a7c4a1a16b6c50e6a0b5d"},"/home/marco/apps/sistemisolari/appalti190-server/src/routes/auth.routes.js":{"path":"/home/marco/apps/sistemisolari/appalti190-server/src/routes/auth.routes.js","statementMap":{"0":{"start":{"line":1,"column":39},"end":{"line":1,"column":64}},"1":{"start":{"line":2,"column":19},"end":{"line":2,"column":60}},"2":{"start":{"line":4,"column":0},"end":{"line":13,"column":2}},"3":{"start":{"line":5,"column":2},"end":{"line":5,"column":161}},"4":{"start":{"line":6,"column":2},"end":{"line":6,"column":64}},"5":{"start":{"line":7,"column":2},"end":{"line":7,"column":84}},"6":{"start":{"line":8,"column":2},"end":{"line":8,"column":70}},"7":{"start":{"line":9,"column":2},"end":{"line":9,"column":71}},"8":{"start":{"line":10,"column":2},"end":{"line":10,"column":101}},"9":{"start":{"line":11,"column":2},"end":{"line":11,"column":84}},"10":{"start":{"line":12,"column":2},"end":{"line":12,"column":62}}},"fnMap":{"0":{"name":"(anonymous_0)","decl":{"start":{"line":4,"column":17},"end":{"line":4,"column":18}},"loc":{"start":{"line":4,"column":31},"end":{"line":13,"column":1}},"line":4}},"branchMap":{},"s":{"0":1,"1":1,"2":1,"3":1,"4":1,"5":1,"6":1,"7":1,"8":1,"9":1,"10":1},"f":{"0":1},"b":{},"_coverageSchema":"1a1c01bbd47fc00a2c39e90264f33305004495a9","hash":"123296109cd6b9242f7b6e4f447f3b7b7c6e9538","contentHash":"330096dffbf7d51907af466560c631437435349c3011e0a2822b30093593820b"},"/home/marco/apps/sistemisolari/appalti190-server/src/middlewares/index.js":{"path":"/home/marco/apps/sistemisolari/appalti190-server/src/middlewares/index.js","statementMap":{"0":{"start":{"line":1,"column":16},"end":{"line":1,"column":36}},"1":{"start":{"line":2,"column":21},"end":{"line":2,"column":46}},"2":{"start":{"line":3,"column":21},"end":{"line":3,"column":46}},"3":{"start":{"line":5,"column":0},"end":{"line":9,"column":2}}},"fnMap":{},"branchMap":{},"s":{"0":1,"1":1,"2":1,"3":1},"f":{},"b":{},"_coverageSchema":"1a1c01bbd47fc00a2c39e90264f33305004495a9","hash":"ed0721d51106a4fe775eb22a07c2be501cf7b5a8","contentHash":"49d7e69558e7e7c7b3ea05106f5259a47a54bd057a3e310e041530a190b59480"},"/home/marco/apps/sistemisolari/appalti190-server/src/middlewares/authJwt.js":{"path":"/home/marco/apps/sistemisolari/appalti190-server/src/middlewares/authJwt.js","statementMap":{"0":{"start":{"line":1,"column":12},"end":{"line":1,"column":35}},"1":{"start":{"line":2,"column":15},"end":{"line":2,"column":35}},"2":{"start":{"line":3,"column":11},"end":{"line":3,"column":31}},"3":{"start":{"line":4,"column":13},"end":{"line":4,"column":27}},"4":{"start":{"line":5,"column":13},"end":{"line":5,"column":27}},"5":{"start":{"line":7,"column":30},"end":{"line":7,"column":33}},"6":{"start":{"line":9,"column":20},"end":{"line":27,"column":1}},"7":{"start":{"line":10,"column":14},"end":{"line":10,"column":43}},"8":{"start":{"line":12,"column":2},"end":{"line":14,"column":3}},"9":{"start":{"line":13,"column":4},"end":{"line":13,"column":154}},"10":{"start":{"line":16,"column":2},"end":{"line":26,"column":5}},"11":{"start":{"line":17,"column":4},"end":{"line":22,"column":5}},"12":{"start":{"line":18,"column":6},"end":{"line":20,"column":7}},"13":{"start":{"line":19,"column":8},"end":{"line":19,"column":176}},"14":{"start":{"line":21,"column":6},"end":{"line":21,"column":157}},"15":{"start":{"line":24,"column":4},"end":{"line":24,"column":28}},"16":{"start":{"line":25,"column":4},"end":{"line":25,"column":11}},"17":{"start":{"line":29,"column":16},"end":{"line":58,"column":1}},"18":{"start":{"line":30,"column":2},"end":{"line":57,"column":5}},"19":{"start":{"line":31,"column":4},"end":{"line":33,"column":5}},"20":{"start":{"line":32,"column":6},"end":{"line":32,"column":51}},"21":{"start":{"line":34,"column":4},"end":{"line":36,"column":5}},"22":{"start":{"line":35,"column":6},"end":{"line":35,"column":71}},"23":{"start":{"line":38,"column":4},"end":{"line":56,"column":6}},"24":{"start":{"line":43,"column":8},"end":{"line":45,"column":9}},"25":{"start":{"line":44,"column":10},"end":{"line":44,"column":56}},"26":{"start":{"line":47,"column":8},"end":{"line":52,"column":9}},"27":{"start":{"line":47,"column":21},"end":{"line":47,"column":22}},"28":{"start":{"line":48,"column":10},"end":{"line":51,"column":11}},"29":{"start":{"line":49,"column":12},"end":{"line":49,"column":36}},"30":{"start":{"line":49,"column":32},"end":{"line":49,"column":33}},"31":{"start":{"line":50,"column":12},"end":{"line":50,"column":26}},"32":{"start":{"line":54,"column":8},"end":{"line":54,"column":163}},"33":{"start":{"line":60,"column":16},"end":{"line":63,"column":1}},"34":{"start":{"line":64,"column":0},"end":{"line":64,"column":25}}},"fnMap":{"0":{"name":"(anonymous_0)","decl":{"start":{"line":9,"column":20},"end":{"line":9,"column":21}},"loc":{"start":{"line":9,"column":40},"end":{"line":27,"column":1}},"line":9},"1":{"name":"(anonymous_1)","decl":{"start":{"line":16,"column":40},"end":{"line":16,"column":41}},"loc":{"start":{"line":16,"column":58},"end":{"line":26,"column":3}},"line":16},"2":{"name":"(anonymous_2)","decl":{"start":{"line":29,"column":16},"end":{"line":29,"column":17}},"loc":{"start":{"line":29,"column":36},"end":{"line":58,"column":1}},"line":29},"3":{"name":"(anonymous_3)","decl":{"start":{"line":30,"column":33},"end":{"line":30,"column":34}},"loc":{"start":{"line":30,"column":48},"end":{"line":57,"column":3}},"line":30},"4":{"name":"(anonymous_4)","decl":{"start":{"line":42,"column":6},"end":{"line":42,"column":7}},"loc":{"start":{"line":42,"column":22},"end":{"line":55,"column":7}},"line":42}},"branchMap":{"0":{"loc":{"start":{"line":12,"column":2},"end":{"line":14,"column":3}},"type":"if","locations":[{"start":{"line":12,"column":2},"end":{"line":14,"column":3}},{"start":{"line":12,"column":2},"end":{"line":14,"column":3}}],"line":12},"1":{"loc":{"start":{"line":17,"column":4},"end":{"line":22,"column":5}},"type":"if","locations":[{"start":{"line":17,"column":4},"end":{"line":22,"column":5}},{"start":{"line":17,"column":4},"end":{"line":22,"column":5}}],"line":17},"2":{"loc":{"start":{"line":18,"column":6},"end":{"line":20,"column":7}},"type":"if","locations":[{"start":{"line":18,"column":6},"end":{"line":20,"column":7}},{"start":{"line":18,"column":6},"end":{"line":20,"column":7}}],"line":18},"3":{"loc":{"start":{"line":31,"column":4},"end":{"line":33,"column":5}},"type":"if","locations":[{"start":{"line":31,"column":4},"end":{"line":33,"column":5}},{"start":{"line":31,"column":4},"end":{"line":33,"column":5}}],"line":31},"4":{"loc":{"start":{"line":34,"column":4},"end":{"line":36,"column":5}},"type":"if","locations":[{"start":{"line":34,"column":4},"end":{"line":36,"column":5}},{"start":{"line":34,"column":4},"end":{"line":36,"column":5}}],"line":34},"5":{"loc":{"start":{"line":43,"column":8},"end":{"line":45,"column":9}},"type":"if","locations":[{"start":{"line":43,"column":8},"end":{"line":45,"column":9}},{"start":{"line":43,"column":8},"end":{"line":45,"column":9}}],"line":43},"6":{"loc":{"start":{"line":48,"column":10},"end":{"line":51,"column":11}},"type":"if","locations":[{"start":{"line":48,"column":10},"end":{"line":51,"column":11}},{"start":{"line":48,"column":10},"end":{"line":51,"column":11}}],"line":48},"7":{"loc":{"start":{"line":49,"column":12},"end":{"line":49,"column":36}},"type":"if","locations":[{"start":{"line":49,"column":12},"end":{"line":49,"column":36}},{"start":{"line":49,"column":12},"end":{"line":49,"column":36}}],"line":49}},"s":{"0":1,"1":1,"2":1,"3":1,"4":1,"5":1,"6":1,"7":32,"8":32,"9":5,"10":27,"11":27,"12":0,"13":0,"14":0,"15":27,"16":27,"17":1,"18":3,"19":3,"20":0,"21":3,"22":0,"23":3,"24":3,"25":0,"26":3,"27":3,"28":3,"29":1,"30":1,"31":1,"32":2,"33":1,"34":1},"f":{"0":32,"1":27,"2":3,"3":3,"4":3},"b":{"0":[5,27],"1":[0,27],"2":[0,0],"3":[0,3],"4":[0,3],"5":[0,3],"6":[1,2],"7":[1,0]},"_coverageSchema":"1a1c01bbd47fc00a2c39e90264f33305004495a9","hash":"759f1a1a48500e37951adcabd44a44f60dc5af8b","contentHash":"68f09334fc6dcd71b67a44f5c471f17333e2b6dbbd43f4c4ba63cdb0b05ff0a1"},"/home/marco/apps/sistemisolari/appalti190-server/src/middlewares/verifySignUp.js":{"path":"/home/marco/apps/sistemisolari/appalti190-server/src/middlewares/verifySignUp.js","statementMap":{"0":{"start":{"line":1,"column":11},"end":{"line":1,"column":31}},"1":{"start":{"line":2,"column":13},"end":{"line":2,"column":27}},"2":{"start":{"line":4,"column":31},"end":{"line":16,"column":1}},"3":{"start":{"line":5,"column":2},"end":{"line":15,"column":5}},"4":{"start":{"line":8,"column":4},"end":{"line":10,"column":5}},"5":{"start":{"line":9,"column":6},"end":{"line":9,"column":52}},"6":{"start":{"line":11,"column":4},"end":{"line":13,"column":5}},"7":{"start":{"line":12,"column":6},"end":{"line":12,"column":77}},"8":{"start":{"line":14,"column":4},"end":{"line":14,"column":11}},"9":{"start":{"line":18,"column":28},"end":{"line":33,"column":1}},"10":{"start":{"line":19,"column":2},"end":{"line":32,"column":5}},"11":{"start":{"line":22,"column":4},"end":{"line":24,"column":5}},"12":{"start":{"line":23,"column":6},"end":{"line":23,"column":52}},"13":{"start":{"line":25,"column":4},"end":{"line":30,"column":5}},"14":{"start":{"line":26,"column":6},"end":{"line":29,"column":9}},"15":{"start":{"line":31,"column":4},"end":{"line":31,"column":11}},"16":{"start":{"line":35,"column":26},"end":{"line":48,"column":1}},"17":{"start":{"line":36,"column":2},"end":{"line":45,"column":3}},"18":{"start":{"line":37,"column":4},"end":{"line":44,"column":5}},"19":{"start":{"line":37,"column":17},"end":{"line":37,"column":18}},"20":{"start":{"line":38,"column":19},"end":{"line":38,"column":36}},"21":{"start":{"line":39,"column":6},"end":{"line":43,"column":7}},"22":{"start":{"line":39,"column":32},"end":{"line":39,"column":41}},"23":{"start":{"line":40,"column":8},"end":{"line":42,"column":11}},"24":{"start":{"line":47,"column":2},"end":{"line":47,"column":9}},"25":{"start":{"line":50,"column":21},"end":{"line":54,"column":1}},"26":{"start":{"line":56,"column":0},"end":{"line":56,"column":30}}},"fnMap":{"0":{"name":"(anonymous_0)","decl":{"start":{"line":4,"column":31},"end":{"line":4,"column":32}},"loc":{"start":{"line":4,"column":51},"end":{"line":16,"column":1}},"line":4},"1":{"name":"(anonymous_1)","decl":{"start":{"line":7,"column":10},"end":{"line":7,"column":11}},"loc":{"start":{"line":7,"column":25},"end":{"line":15,"column":3}},"line":7},"2":{"name":"(anonymous_2)","decl":{"start":{"line":18,"column":28},"end":{"line":18,"column":29}},"loc":{"start":{"line":18,"column":48},"end":{"line":33,"column":1}},"line":18},"3":{"name":"(anonymous_3)","decl":{"start":{"line":21,"column":10},"end":{"line":21,"column":11}},"loc":{"start":{"line":21,"column":25},"end":{"line":32,"column":3}},"line":21},"4":{"name":"(anonymous_4)","decl":{"start":{"line":35,"column":26},"end":{"line":35,"column":27}},"loc":{"start":{"line":35,"column":46},"end":{"line":48,"column":1}},"line":35},"5":{"name":"(anonymous_5)","decl":{"start":{"line":39,"column":24},"end":{"line":39,"column":25}},"loc":{"start":{"line":39,"column":32},"end":{"line":39,"column":41}},"line":39}},"branchMap":{"0":{"loc":{"start":{"line":8,"column":4},"end":{"line":10,"column":5}},"type":"if","locations":[{"start":{"line":8,"column":4},"end":{"line":10,"column":5}},{"start":{"line":8,"column":4},"end":{"line":10,"column":5}}],"line":8},"1":{"loc":{"start":{"line":11,"column":4},"end":{"line":13,"column":5}},"type":"if","locations":[{"start":{"line":11,"column":4},"end":{"line":13,"column":5}},{"start":{"line":11,"column":4},"end":{"line":13,"column":5}}],"line":11},"2":{"loc":{"start":{"line":22,"column":4},"end":{"line":24,"column":5}},"type":"if","locations":[{"start":{"line":22,"column":4},"end":{"line":24,"column":5}},{"start":{"line":22,"column":4},"end":{"line":24,"column":5}}],"line":22},"3":{"loc":{"start":{"line":25,"column":4},"end":{"line":30,"column":5}},"type":"if","locations":[{"start":{"line":25,"column":4},"end":{"line":30,"column":5}},{"start":{"line":25,"column":4},"end":{"line":30,"column":5}}],"line":25},"4":{"loc":{"start":{"line":36,"column":2},"end":{"line":45,"column":3}},"type":"if","locations":[{"start":{"line":36,"column":2},"end":{"line":45,"column":3}},{"start":{"line":36,"column":2},"end":{"line":45,"column":3}}],"line":36},"5":{"loc":{"start":{"line":39,"column":6},"end":{"line":43,"column":7}},"type":"if","locations":[{"start":{"line":39,"column":6},"end":{"line":43,"column":7}},{"start":{"line":39,"column":6},"end":{"line":43,"column":7}}],"line":39}},"s":{"0":1,"1":1,"2":1,"3":0,"4":0,"5":0,"6":0,"7":0,"8":0,"9":1,"10":8,"11":8,"12":0,"13":8,"14":1,"15":7,"16":1,"17":7,"18":0,"19":0,"20":0,"21":0,"22":0,"23":0,"24":7,"25":1,"26":1},"f":{"0":0,"1":0,"2":8,"3":8,"4":7,"5":0},"b":{"0":[0,0],"1":[0,0],"2":[0,8],"3":[1,7],"4":[0,7],"5":[0,0]},"_coverageSchema":"1a1c01bbd47fc00a2c39e90264f33305004495a9","hash":"b3351502f15e3aa44f7613b156a0ae19a6840f32","contentHash":"73908235eab470922e90f74829c4277e9b2f36aef58ae162c724af90ea5e3d78"},"/home/marco/apps/sistemisolari/appalti190-server/src/middlewares/verifySignIn.js":{"path":"/home/marco/apps/sistemisolari/appalti190-server/src/middlewares/verifySignIn.js","statementMap":{"0":{"start":{"line":1,"column":23},"end":{"line":1,"column":49}},"1":{"start":{"line":3,"column":24},"end":{"line":9,"column":1}},"2":{"start":{"line":4,"column":2},"end":{"line":7,"column":3}},"3":{"start":{"line":5,"column":0},"end":{"line":5,"column":34}},"4":{"start":{"line":6,"column":4},"end":{"line":6,"column":67}},"5":{"start":{"line":8,"column":2},"end":{"line":8,"column":9}},"6":{"start":{"line":11,"column":21},"end":{"line":13,"column":1}},"7":{"start":{"line":15,"column":0},"end":{"line":15,"column":30}}},"fnMap":{"0":{"name":"(anonymous_0)","decl":{"start":{"line":3,"column":24},"end":{"line":3,"column":25}},"loc":{"start":{"line":3,"column":44},"end":{"line":9,"column":1}},"line":3}},"branchMap":{"0":{"loc":{"start":{"line":4,"column":2},"end":{"line":7,"column":3}},"type":"if","locations":[{"start":{"line":4,"column":2},"end":{"line":7,"column":3}},{"start":{"line":4,"column":2},"end":{"line":7,"column":3}}],"line":4}},"s":{"0":1,"1":1,"2":8,"3":0,"4":0,"5":8,"6":1,"7":1},"f":{"0":8},"b":{"0":[0,8]},"_coverageSchema":"1a1c01bbd47fc00a2c39e90264f33305004495a9","hash":"4a7ffbe67202f6c155bf7d541c831da96404b063","contentHash":"352119c5ba93506a7588149555a01c7c7399b0ffadc31653b9851a697a09180b"},"/home/marco/apps/sistemisolari/appalti190-server/src/controllers/auth.controller.js":{"path":"/home/marco/apps/sistemisolari/appalti190-server/src/controllers/auth.controller.js","statementMap":{"0":{"start":{"line":1,"column":12},"end":{"line":1,"column":35}},"1":{"start":{"line":2,"column":22},"end":{"line":2,"column":48}},"2":{"start":{"line":3,"column":36},"end":{"line":3,"column":70}},"3":{"start":{"line":4,"column":61},"end":{"line":4,"column":87}},"4":{"start":{"line":5,"column":19},"end":{"line":5,"column":49}},"5":{"start":{"line":6,"column":11},"end":{"line":6,"column":31}},"6":{"start":{"line":7,"column":15},"end":{"line":7,"column":35}},"7":{"start":{"line":15,"column":4},"end":{"line":15,"column":13}},"8":{"start":{"line":17,"column":15},"end":{"line":98,"column":1}},"9":{"start":{"line":18,"column":17},"end":{"line":18,"column":23}},"10":{"start":{"line":19,"column":17},"end":{"line":19,"column":23}},"11":{"start":{"line":22,"column":2},"end":{"line":24,"column":3}},"12":{"start":{"line":23,"column":4},"end":{"line":23,"column":83}},"13":{"start":{"line":25,"column":16},"end":{"line":25,"column":46}},"14":{"start":{"line":27,"column":2},"end":{"line":34,"column":3}},"15":{"start":{"line":28,"column":4},"end":{"line":30,"column":5}},"16":{"start":{"line":29,"column":6},"end":{"line":29,"column":36}},"17":{"start":{"line":31,"column":4},"end":{"line":33,"column":5}},"18":{"start":{"line":32,"column":6},"end":{"line":32,"column":36}},"19":{"start":{"line":37,"column":2},"end":{"line":41,"column":3}},"20":{"start":{"line":38,"column":4},"end":{"line":38,"column":48}},"21":{"start":{"line":40,"column":4},"end":{"line":40,"column":50}},"22":{"start":{"line":44,"column":2},"end":{"line":48,"column":3}},"23":{"start":{"line":45,"column":4},"end":{"line":45,"column":48}},"24":{"start":{"line":47,"column":4},"end":{"line":47,"column":50}},"25":{"start":{"line":50,"column":2},"end":{"line":59,"column":5}},"26":{"start":{"line":61,"column":2},"end":{"line":97,"column":5}},"27":{"start":{"line":62,"column":4},"end":{"line":68,"column":5}},"28":{"start":{"line":63,"column":6},"end":{"line":65,"column":7}},"29":{"start":{"line":64,"column":8},"end":{"line":64,"column":111}},"30":{"start":{"line":66,"column":6},"end":{"line":66,"column":52}},"31":{"start":{"line":67,"column":6},"end":{"line":67,"column":52}},"32":{"start":{"line":71,"column":4},"end":{"line":96,"column":5}},"33":{"start":{"line":72,"column":37},"end":{"line":72,"column":82}},"34":{"start":{"line":73,"column":6},"end":{"line":73,"column":42}},"35":{"start":{"line":75,"column":6},"end":{"line":87,"column":7}},"36":{"start":{"line":76,"column":8},"end":{"line":76,"column":59}},"37":{"start":{"line":77,"column":24},"end":{"line":77,"column":57}},"38":{"start":{"line":78,"column":19},"end":{"line":78,"column":29}},"39":{"start":{"line":79,"column":21},"end":{"line":79,"column":43}},"40":{"start":{"line":80,"column":21},"end":{"line":84,"column":9}},"41":{"start":{"line":85,"column":8},"end":{"line":85,"column":58}},"42":{"start":{"line":86,"column":8},"end":{"line":86,"column":51}},"43":{"start":{"line":89,"column":6},"end":{"line":93,"column":9}},"44":{"start":{"line":95,"column":6},"end":{"line":95,"column":112}},"45":{"start":{"line":100,"column":25},"end":{"line":132,"column":1}},"46":{"start":{"line":101,"column":2},"end":{"line":131,"column":3}},"47":{"start":{"line":102,"column":18},"end":{"line":102,"column":48}},"48":{"start":{"line":103,"column":17},"end":{"line":103,"column":46}},"49":{"start":{"line":104,"column":4},"end":{"line":104,"column":168}},"50":{"start":{"line":104,"column":15},"end":{"line":104,"column":168}},"51":{"start":{"line":106,"column":4},"end":{"line":106,"column":130}},"52":{"start":{"line":106,"column":25},"end":{"line":106,"column":130}},"53":{"start":{"line":108,"column":35},"end":{"line":108,"column":86}},"54":{"start":{"line":109,"column":19},"end":{"line":109,"column":54}},"55":{"start":{"line":114,"column":4},"end":{"line":125,"column":5}},"56":{"start":{"line":115,"column":22},"end":{"line":115,"column":62}},"57":{"start":{"line":116,"column":17},"end":{"line":116,"column":27}},"58":{"start":{"line":117,"column":19},"end":{"line":117,"column":41}},"59":{"start":{"line":118,"column":19},"end":{"line":122,"column":7}},"60":{"start":{"line":123,"column":6},"end":{"line":123,"column":56}},"61":{"start":{"line":124,"column":6},"end":{"line":124,"column":49}},"62":{"start":{"line":127,"column":4},"end":{"line":127,"column":243}},"63":{"start":{"line":130,"column":4},"end":{"line":130,"column":52}},"64":{"start":{"line":134,"column":22},"end":{"line":168,"column":1}},"65":{"start":{"line":135,"column":2},"end":{"line":135,"column":89}},"66":{"start":{"line":135,"column":22},"end":{"line":135,"column":89}},"67":{"start":{"line":137,"column":2},"end":{"line":167,"column":3}},"68":{"start":{"line":139,"column":17},"end":{"line":139,"column":72}},"69":{"start":{"line":140,"column":4},"end":{"line":140,"column":108}},"70":{"start":{"line":140,"column":15},"end":{"line":140,"column":108}},"71":{"start":{"line":143,"column":4},"end":{"line":164,"column":6}},"72":{"start":{"line":152,"column":8},"end":{"line":152,"column":105}},"73":{"start":{"line":152,"column":19},"end":{"line":152,"column":105}},"74":{"start":{"line":153,"column":8},"end":{"line":153,"column":119}},"75":{"start":{"line":153,"column":29},"end":{"line":153,"column":119}},"76":{"start":{"line":156,"column":8},"end":{"line":156,"column":31}},"77":{"start":{"line":157,"column":8},"end":{"line":162,"column":11}},"78":{"start":{"line":158,"column":10},"end":{"line":158,"column":73}},"79":{"start":{"line":158,"column":19},"end":{"line":158,"column":73}},"80":{"start":{"line":159,"column":10},"end":{"line":159,"column":62}},"81":{"start":{"line":160,"column":10},"end":{"line":160,"column":156}},"82":{"start":{"line":161,"column":10},"end":{"line":161,"column":104}},"83":{"start":{"line":166,"column":4},"end":{"line":166,"column":50}},"84":{"start":{"line":170,"column":15},"end":{"line":247,"column":1}},"85":{"start":{"line":171,"column":16},"end":{"line":171,"column":46}},"86":{"start":{"line":173,"column":2},"end":{"line":246,"column":3}},"87":{"start":{"line":187,"column":6},"end":{"line":191,"column":7}},"88":{"start":{"line":188,"column":8},"end":{"line":188,"column":56}},"89":{"start":{"line":189,"column":8},"end":{"line":189,"column":64}},"90":{"start":{"line":190,"column":8},"end":{"line":190,"column":54}},"91":{"start":{"line":194,"column":6},"end":{"line":196,"column":7}},"92":{"start":{"line":195,"column":8},"end":{"line":195,"column":74}},"93":{"start":{"line":199,"column":6},"end":{"line":201,"column":7}},"94":{"start":{"line":200,"column":8},"end":{"line":200,"column":122}},"95":{"start":{"line":204,"column":6},"end":{"line":206,"column":7}},"96":{"start":{"line":205,"column":8},"end":{"line":205,"column":115}},"97":{"start":{"line":209,"column":6},"end":{"line":216,"column":7}},"98":{"start":{"line":210,"column":8},"end":{"line":215,"column":9}},"99":{"start":{"line":211,"column":10},"end":{"line":214,"column":13}},"100":{"start":{"line":219,"column":6},"end":{"line":221,"column":9}},"101":{"start":{"line":224,"column":6},"end":{"line":224,"column":63}},"102":{"start":{"line":226,"column":20},"end":{"line":226,"column":22}},"103":{"start":{"line":227,"column":6},"end":{"line":229,"column":7}},"104":{"start":{"line":227,"column":19},"end":{"line":227,"column":20}},"105":{"start":{"line":228,"column":8},"end":{"line":228,"column":39}},"106":{"start":{"line":231,"column":6},"end":{"line":231,"column":48}},"107":{"start":{"line":233,"column":6},"end":{"line":233,"column":142}},"108":{"start":{"line":235,"column":6},"end":{"line":244,"column":9}},"109":{"start":{"line":249,"column":22},"end":{"line":292,"column":1}},"110":{"start":{"line":251,"column":2},"end":{"line":290,"column":3}},"111":{"start":{"line":252,"column":22},"end":{"line":252,"column":30}},"112":{"start":{"line":254,"column":17},"end":{"line":254,"column":46}},"113":{"start":{"line":255,"column":4},"end":{"line":255,"column":191}},"114":{"start":{"line":255,"column":15},"end":{"line":255,"column":191}},"115":{"start":{"line":258,"column":26},"end":{"line":258,"column":58}},"116":{"start":{"line":259,"column":4},"end":{"line":259,"column":48}},"117":{"start":{"line":261,"column":4},"end":{"line":261,"column":54}},"118":{"start":{"line":264,"column":4},"end":{"line":264,"column":22}},"119":{"start":{"line":266,"column":4},"end":{"line":279,"column":5}},"120":{"start":{"line":268,"column":22},"end":{"line":268,"column":54}},"121":{"start":{"line":269,"column":17},"end":{"line":269,"column":27}},"122":{"start":{"line":270,"column":19},"end":{"line":270,"column":41}},"123":{"start":{"line":272,"column":19},"end":{"line":276,"column":7}},"124":{"start":{"line":277,"column":6},"end":{"line":277,"column":56}},"125":{"start":{"line":278,"column":6},"end":{"line":278,"column":49}},"126":{"start":{"line":281,"column":4},"end":{"line":285,"column":7}},"127":{"start":{"line":289,"column":4},"end":{"line":289,"column":50}},"128":{"start":{"line":294,"column":29},"end":{"line":327,"column":1}},"129":{"start":{"line":295,"column":2},"end":{"line":326,"column":3}},"130":{"start":{"line":296,"column":22},"end":{"line":296,"column":30}},"131":{"start":{"line":297,"column":25},"end":{"line":297,"column":33}},"132":{"start":{"line":298,"column":21},"end":{"line":298,"column":29}},"133":{"start":{"line":300,"column":4},"end":{"line":300,"column":108}},"134":{"start":{"line":300,"column":15},"end":{"line":300,"column":108}},"135":{"start":{"line":302,"column":17},"end":{"line":302,"column":110}},"136":{"start":{"line":303,"column":4},"end":{"line":303,"column":124}},"137":{"start":{"line":303,"column":15},"end":{"line":303,"column":124}},"138":{"start":{"line":315,"column":4},"end":{"line":315,"column":29}},"139":{"start":{"line":316,"column":4},"end":{"line":316,"column":39}},"140":{"start":{"line":317,"column":4},"end":{"line":317,"column":42}},"141":{"start":{"line":320,"column":4},"end":{"line":320,"column":22}},"142":{"start":{"line":322,"column":4},"end":{"line":322,"column":77}},"143":{"start":{"line":325,"column":4},"end":{"line":325,"column":50}},"144":{"start":{"line":334,"column":32},"end":{"line":367,"column":1}},"145":{"start":{"line":335,"column":2},"end":{"line":366,"column":3}},"146":{"start":{"line":336,"column":22},"end":{"line":336,"column":30}},"147":{"start":{"line":338,"column":17},"end":{"line":338,"column":46}},"148":{"start":{"line":339,"column":4},"end":{"line":339,"column":177}},"149":{"start":{"line":339,"column":15},"end":{"line":339,"column":177}},"150":{"start":{"line":343,"column":4},"end":{"line":343,"column":37}},"151":{"start":{"line":346,"column":4},"end":{"line":346,"column":22}},"152":{"start":{"line":348,"column":4},"end":{"line":359,"column":5}},"153":{"start":{"line":349,"column":22},"end":{"line":349,"column":63}},"154":{"start":{"line":350,"column":17},"end":{"line":350,"column":27}},"155":{"start":{"line":351,"column":19},"end":{"line":351,"column":41}},"156":{"start":{"line":352,"column":19},"end":{"line":356,"column":7}},"157":{"start":{"line":357,"column":6},"end":{"line":357,"column":56}},"158":{"start":{"line":358,"column":6},"end":{"line":358,"column":49}},"159":{"start":{"line":361,"column":4},"end":{"line":361,"column":144}},"160":{"start":{"line":364,"column":0},"end":{"line":364,"column":53}},"161":{"start":{"line":365,"column":4},"end":{"line":365,"column":52}},"162":{"start":{"line":369,"column":21},"end":{"line":402,"column":1}},"163":{"start":{"line":370,"column":41},"end":{"line":370,"column":49}},"164":{"start":{"line":372,"column":2},"end":{"line":374,"column":3}},"165":{"start":{"line":373,"column":4},"end":{"line":373,"column":88}},"166":{"start":{"line":376,"column":2},"end":{"line":401,"column":3}},"167":{"start":{"line":377,"column":23},"end
[...]
ons":[{"start":{"line":525,"column":10},"end":{"line":527,"column":11}},{"start":{"line":525,"column":10},"end":{"line":527,"column":11}}],"line":525},"65":{"loc":{"start":{"line":528,"column":10},"end":{"line":530,"column":11}},"type":"if","locations":[{"start":{"line":528,"column":10},"end":{"line":530,"column":11}},{"start":{"line":528,"column":10},"end":{"line":530,"column":11}}],"line":528},"66":{"loc":{"start":{"line":539,"column":2},"end":{"line":548,"column":3}},"type":"if","locations":[{"start":{"line":539,"column":2},"end":{"line":548,"column":3}},{"start":{"line":539,"column":2},"end":{"line":548,"column":3}}],"line":539},"67":{"loc":{"start":{"line":568,"column":4},"end":{"line":579,"column":5}},"type":"if","locations":[{"start":{"line":568,"column":4},"end":{"line":579,"column":5}},{"start":{"line":568,"column":4},"end":{"line":579,"column":5}}],"line":568},"68":{"loc":{"start":{"line":583,"column":2},"end":{"line":652,"column":3}},"type":"if","locations":[{"start":{"line":583,"column":2},"end":{"line":652,"column":3}},{"start":{"line":583,"column":2},"end":{"line":652,"column":3}}],"line":583},"69":{"loc":{"start":{"line":587,"column":6},"end":{"line":595,"column":7}},"type":"if","locations":[{"start":{"line":587,"column":6},"end":{"line":595,"column":7}},{"start":{"line":587,"column":6},"end":{"line":595,"column":7}}],"line":587},"70":{"loc":{"start":{"line":622,"column":4},"end":{"line":628,"column":5}},"type":"if","locations":[{"start":{"line":622,"column":4},"end":{"line":628,"column":5}},{"start":{"line":622,"column":4},"end":{"line":628,"column":5}}],"line":622},"71":{"loc":{"start":{"line":646,"column":4},"end":{"line":651,"column":5}},"type":"if","locations":[{"start":{"line":646,"column":4},"end":{"line":651,"column":5}},{"start":{"line":646,"column":4},"end":{"line":651,"column":5}}],"line":646},"72":{"loc":{"start":{"line":656,"column":2},"end":{"line":665,"column":3}},"type":"if","locations":[{"start":{"line":656,"column":2},"end":{"line":665,"column":3}},{"start":{"line":656,"column":2},"end":{"line":665,"column":3}}],"line":656},"73":{"loc":{"start":{"line":657,"column":4},"end":{"line":664,"column":5}},"type":"if","locations":[{"start":{"line":657,"column":4},"end":{"line":664,"column":5}},{"start":{"line":657,"column":4},"end":{"line":664,"column":5}}],"line":657},"74":{"loc":{"start":{"line":659,"column":6},"end":{"line":661,"column":7}},"type":"if","locations":[{"start":{"line":659,"column":6},"end":{"line":661,"column":7}},{"start":{"line":659,"column":6},"end":{"line":661,"column":7}}],"line":659},"75":{"loc":{"start":{"line":663,"column":6},"end":{"line":663,"column":94}},"type":"if","locations":[{"start":{"line":663,"column":6},"end":{"line":663,"column":94}},{"start":{"line":663,"column":6},"end":{"line":663,"column":94}}],"line":663},"76":{"loc":{"start":{"line":681,"column":2},"end":{"line":702,"column":3}},"type":"if","locations":[{"start":{"line":681,"column":2},"end":{"line":702,"column":3}},{"start":{"line":681,"column":2},"end":{"line":702,"column":3}}],"line":681},"77":{"loc":{"start":{"line":683,"column":4},"end":{"line":686,"column":5}},"type":"if","locations":[{"start":{"line":683,"column":4},"end":{"line":686,"column":5}},{"start":{"line":683,"column":4},"end":{"line":686,"column":5}}],"line":683},"78":{"loc":{"start":{"line":687,"column":4},"end":{"line":690,"column":5}},"type":"if","locations":[{"start":{"line":687,"column":4},"end":{"line":690,"column":5}},{"start":{"line":687,"column":4},"end":{"line":690,"column":5}}],"line":687},"79":{"loc":{"start":{"line":692,"column":4},"end":{"line":695,"column":5}},"type":"if","locations":[{"start":{"line":692,"column":4},"end":{"line":695,"column":5}},{"start":{"line":692,"column":4},"end":{"line":695,"column":5}}],"line":692},"80":{"loc":{"start":{"line":696,"column":4},"end":{"line":699,"column":5}},"type":"if","locations":[{"start":{"line":696,"column":4},"end":{"line":699,"column":5}},{"start":{"line":696,"column":4},"end":{"line":699,"column":5}}],"line":696},"81":{"loc":{"start":{"line":708,"column":4},"end":{"line":710,"column":5}},"type":"if","locations":[{"start":{"line":708,"column":4},"end":{"line":710,"column":5}},{"start":{"line":708,"column":4},"end":{"line":710,"column":5}}],"line":708},"82":{"loc":{"start":{"line":711,"column":4},"end":{"line":713,"column":5}},"type":"if","locations":[{"start":{"line":711,"column":4},"end":{"line":713,"column":5}},{"start":{"line":711,"column":4},"end":{"line":713,"column":5}}],"line":711},"83":{"loc":{"start":{"line":735,"column":2},"end":{"line":737,"column":3}},"type":"if","locations":[{"start":{"line":735,"column":2},"end":{"line":737,"column":3}},{"start":{"line":735,"column":2},"end":{"line":737,"column":3}}],"line":735},"84":{"loc":{"start":{"line":749,"column":2},"end":{"line":761,"column":3}},"type":"if","locations":[{"start":{"line":749,"column":2},"end":{"line":761,"column":3}},{"start":{"line":749,"column":2},"end":{"line":761,"column":3}}],"line":749},"85":{"loc":{"start":{"line":767,"column":2},"end":{"line":777,"column":3}},"type":"if","locations":[{"start":{"line":767,"column":2},"end":{"line":777,"column":3}},{"start":{"line":767,"column":2},"end":{"line":777,"column":3}}],"line":767},"86":{"loc":{"start":{"line":788,"column":4},"end":{"line":835,"column":5}},"type":"if","locations":[{"start":{"line":788,"column":4},"end":{"line":835,"column":5}},{"start":{"line":788,"column":4},"end":{"line":835,"column":5}}],"line":788},"87":{"loc":{"start":{"line":800,"column":6},"end":{"line":806,"column":7}},"type":"if","locations":[{"start":{"line":800,"column":6},"end":{"line":806,"column":7}},{"start":{"line":800,"column":6},"end":{"line":806,"column":7}}],"line":800},"88":{"loc":{"start":{"line":808,"column":4},"end":{"line":835,"column":5}},"type":"if","locations":[{"start":{"line":808,"column":4},"end":{"line":835,"column":5}},{"start":{"line":808,"column":4},"end":{"line":835,"column":5}}],"line":808},"89":{"loc":{"start":{"line":810,"column":6},"end":{"line":819,"column":7}},"type":"if","locations":[{"start":{"line":810,"column":6},"end":{"line":819,"column":7}},{"start":{"line":810,"column":6},"end":{"line":819,"column":7}}],"line":810},"90":{"loc":{"start":{"line":844,"column":6},"end":{"line":846,"column":7}},"type":"if","locations":[{"start":{"line":844,"column":6},"end":{"line":846,"column":7}},{"start":{"line":844,"column":6},"end":{"line":846,"column":7}}],"line":844},"91":{"loc":{"start":{"line":847,"column":6},"end":{"line":849,"column":7}},"type":"if","locations":[{"start":{"line":847,"column":6},"end":{"line":849,"column":7}},{"start":{"line":847,"column":6},"end":{"line":849,"column":7}}],"line":847},"92":{"loc":{"start":{"line":877,"column":6},"end":{"line":879,"column":7}},"type":"if","locations":[{"start":{"line":877,"column":6},"end":{"line":879,"column":7}},{"start":{"line":877,"column":6},"end":{"line":879,"column":7}}],"line":877},"93":{"loc":{"start":{"line":880,"column":6},"end":{"line":899,"column":7}},"type":"if","locations":[{"start":{"line":880,"column":6},"end":{"line":899,"column":7}},{"start":{"line":880,"column":6},"end":{"line":899,"column":7}}],"line":880},"94":{"loc":{"start":{"line":938,"column":48},"end":{"line":938,"column":103}},"type":"cond-expr","locations":[{"start":{"line":938,"column":96},"end":{"line":938,"column":99}},{"start":{"line":938,"column":102},"end":{"line":938,"column":103}}],"line":938},"95":{"loc":{"start":{"line":939,"column":4},"end":{"line":942,"column":5}},"type":"if","locations":[{"start":{"line":939,"column":4},"end":{"line":942,"column":5}},{"start":{"line":939,"column":4},"end":{"line":942,"column":5}}],"line":939}},"s":{"0":1,"1":1,"2":1,"3":1,"4":1,"5":1,"6":1,"7":1,"8":1,"9":1,"10":1,"11":1,"12":1,"13":1,"14":1,"15":1,"16":0,"17":0,"18":0,"19":0,"20":0,"21":0,"22":0,"23":0,"24":0,"25":1,"26":1,"27":0,"28":1,"29":0,"30":1,"31":1,"32":5,"33":5,"34":5,"35":0,"36":0,"37":0,"38":5,"39":0,"40":0,"41":0,"42":5,"43":5,"44":5,"45":1,"46":1,"47":1,"48":4,"49":4,"50":0,"51":0,"52":0,"53":0,"54":4,"55":4,"56":0,"57":0,"58":0,"59":0,"60":4,"61":4,"62":4,"63":4,"64":4,"65":4,"66":4,"67":8,"68":4,"69":4,"70":12,"71":4,"72":4,"73":4,"74":16,"75":4,"76":4,"77":4,"78":4,"79":4,"80":4,"81":4,"82":4,"83":4,"84":4,"85":0,"86":0,"87":4,"88":4,"89":4,"90":4,"91":4,"92":4,"93":4,"94":4,"95":4,"96":4,"97":4,"98":4,"99":4,"100":4,"101":4,"102":4,"103":4,"104":4,"105":4,"106":4,"107":9840,"108":9840,"109":4,"110":9836,"111":1112,"112":1112,"113":8724,"114":206,"115":206,"116":8518,"117":8518,"118":8518,"119":0,"120":0,"121":0,"122":9836,"123":4960,"124":4960,"125":3848,"126":4876,"127":4876,"128":0,"129":0,"130":0,"131":9836,"132":894,"133":892,"134":2,"135":2,"136":2,"137":8942,"138":8942,"139":8942,"140":8942,"141":8942,"142":8942,"143":4880,"144":4880,"145":4650,"146":230,"147":230,"148":230,"149":230,"150":230,"151":230,"152":230,"153":230,"154":230,"155":230,"156":0,"157":0,"158":0,"159":230,"160":230,"161":230,"162":0,"163":0,"164":0,"165":230,"166":230,"167":230,"168":230,"169":230,"170":230,"171":230,"172":0,"173":230,"174":230,"175":0,"176":230,"177":0,"178":0,"179":0,"180":230,"181":230,"182":230,"183":230,"184":230,"185":230,"186":230,"187":230,"188":230,"189":230,"190":230,"191":4,"192":0,"193":4,"194":4,"195":4,"196":4,"197":4,"198":4,"199":4,"200":0,"201":0,"202":0,"203":0,"204":0,"205":0,"206":0,"207":0,"208":226,"209":43,"210":183,"211":226,"212":226,"213":226,"214":226,"215":226,"216":194,"217":41,"218":153,"219":194,"220":194,"221":194,"222":194,"223":4062,"224":0,"225":0,"226":0,"227":4062,"228":0,"229":0,"230":0,"231":4062,"232":398,"233":32,"234":366,"235":398,"236":398,"237":15,"238":398,"239":15,"240":398,"241":398,"242":26,"243":4,"244":22,"245":26,"246":26,"247":12,"248":26,"249":12,"250":26,"251":3664,"252":444,"253":3220,"254":3664,"255":3664,"256":0,"257":3664,"258":0,"259":3664,"260":3664,"261":126,"262":28,"263":98,"264":126,"265":126,"266":20,"267":126,"268":20,"269":126,"270":4,"271":4,"272":4,"273":4,"274":4,"275":4,"276":12,"277":4,"278":4,"279":4,"280":4,"281":4,"282":4,"283":4,"284":4,"285":4,"286":4,"287":4,"288":0,"289":0,"290":0,"291":0,"292":4,"293":4,"294":0,"295":0,"296":0,"297":0,"298":0,"299":0,"300":0,"301":0,"302":0,"303":0,"304":0,"305":0,"306":0,"307":0,"308":0,"309":0,"310":0,"311":0,"312":0,"313":0,"314":0,"315":0,"316":0,"317":0,"318":0,"319":0,"320":0,"321":0,"322":0,"323":0,"324":0,"325":4,"326":4,"327":4,"328":4,"329":4,"330":4,"331":4,"332":4,"333":0,"334":4,"335":4,"336":4,"337":4,"338":4,"339":0,"340":0,"341":0,"342":0,"343":0,"344":0,"345":4,"346":1,"347":8,"348":8,"349":1,"350":234,"351":230,"352":19,"353":19,"354":230,"355":226,"356":226,"357":230,"358":12,"359":12,"360":230,"361":214,"362":214,"363":230,"364":1,"365":4,"366":4,"367":0,"368":4,"369":4,"370":4,"371":4,"372":0,"373":1,"374":0,"375":0,"376":0,"377":0,"378":1,"379":0,"380":0,"381":0,"382":0,"383":0,"384":0,"385":1,"386":4,"387":0,"388":4,"389":1,"390":0,"391":0,"392":0,"393":0,"394":1,"395":4638,"396":1,"397":0,"398":0,"399":0,"400":0,"401":0,"402":0,"403":0,"404":0,"405":0,"406":0,"407":0,"408":0,"409":0,"410":0,"411":0,"412":0,"413":0,"414":0,"415":0,"416":0,"417":0,"418":0,"419":0,"420":0,"421":0,"422":0,"423":0,"424":1,"425":0,"426":0,"427":0,"428":0,"429":0,"430":0,"431":0,"432":1,"433":0,"434":0,"435":0,"436":0,"437":0,"438":0,"439":1,"440":0,"441":0,"442":0,"443":0,"444":0,"445":0,"446":0,"447":0,"448":0,"449":0,"450":0,"451":0,"452":0,"453":0,"454":0,"455":0,"456":0,"457":0,"458":0,"459":0,"460":0,"461":1,"462":0,"463":0,"464":0,"465":0,"466":1,"467":0,"468":0,"469":0,"470":0,"471":0,"472":0,"473":0,"474":0,"475":0,"476":0,"477":0,"478":0,"479":0,"480":1,"481":0,"482":0,"483":0,"484":0},"f":{"0":1,"1":0,"2":0,"3":0,"4":1,"5":5,"6":4,"7":8,"8":12,"9":16,"10":9840,"11":12,"12":8,"13":234,"14":4,"15":0,"16":0,"17":4,"18":0,"19":4638,"20":0,"21":0,"22":0,"23":0,"24":0,"25":0,"26":0,"27":0,"28":0,"29":0,"30":0,"31":0,"32":0,"33":0,"34":0,"35":0,"36":0,"37":0},"b":{"0":[0,0],"1":[0,0],"2":[0,0],"3":[0,1],"4":[0,1],"5":[0,5],"6":[0,5],"7":[0,4],"8":[0,4],"9":[0,4],"10":[0,4],"11":[0,4],"12":[0,4],"13":[0,4],"14":[4,9836],"15":[1112,8724],"16":[206,8518],"17":[8518,0],"18":[4960,4876],"19":[3848,1112],"20":[4876,0],"21":[894,8942],"22":[9836,8942],"23":[892,2],"24":[894,892],"25":[4880,4062],"26":[4650,230],"27":[230,0],"28":[0,230],"29":[0,230],"30":[222,8],"31":[222,8],"32":[226,4],"33":[0,230],"34":[230,226],"35":[222,8],"36":[0,230],"37":[230,222],"38":[0,230],"39":[230,0],"40":[230,0],"41":[230,0],"42":[4,226],"43":[0,4],"44":[0,4],"45":[0,0],"46":[43,183],"47":[194,32],"48":[41,153],"49":[0,4062],"50":[0,4062],"51":[398,3664],"52":[32,366],"53":[15,383],"54":[15,383],"55":[26,372],"56":[4,22],"57":[12,14],"58":[12,14],"59":[444,3220],"60":[0,3664],"61":[0,3664],"62":[126,3538],"63":[28,98],"64":[20,106],"65":[20,106],"66":[4,0],"67":[0,4],"68":[0,4],"69":[0,0],"70":[0,0],"71":[0,4],"72":[0,4],"73":[0,0],"74":[0,0],"75":[0,0],"76":[230,4],"77":[19,211],"78":[226,4],"79":[12,218],"80":[214,16],"81":[0,4],"82":[4,0],"83":[0,0],"84":[0,4],"85":[0,0],"86":[0,0],"87":[0,0],"88":[0,0],"89":[0,0],"90":[0,0],"91":[0,0],"92":[0,0],"93":[0,0],"94":[0,0],"95":[0,0]},"_coverageSchema":"1a1c01bbd47fc00a2c39e90264f33305004495a9","hash":"2936de2f5df91e0bb36f978f3ed56d6b17b2ab7b","contentHash":"3d71ea0052822c5502bac2bcd9818a765b4f6fe4269f485668948b7d1c0e7a6d"},"/home/marco/apps/sistemisolari/appalti190-server/src/routes/payment.routes.js":{"path":"/home/marco/apps/sistemisolari/appalti190-server/src/routes/payment.routes.js","statementMap":{"0":{"start":{"line":4,"column":20},"end":{"line":4,"column":45}},"1":{"start":{"line":5,"column":26},"end":{"line":5,"column":70}},"2":{"start":{"line":7,"column":0},"end":{"line":12,"column":2}},"3":{"start":{"line":8,"column":2},"end":{"line":8,"column":81}},"4":{"start":{"line":9,"column":2},"end":{"line":9,"column":115}},"5":{"start":{"line":10,"column":2},"end":{"line":10,"column":104}},"6":{"start":{"line":11,"column":2},"end":{"line":11,"column":102}}},"fnMap":{"0":{"name":"(anonymous_0)","decl":{"start":{"line":7,"column":17},"end":{"line":7,"column":18}},"loc":{"start":{"line":7,"column":24},"end":{"line":12,"column":1}},"line":7}},"branchMap":{},"s":{"0":1,"1":1,"2":1,"3":1,"4":1,"5":1,"6":1},"f":{"0":1},"b":{},"_coverageSchema":"1a1c01bbd47fc00a2c39e90264f33305004495a9","hash":"b49ea272d90bd142f4b45dc359318be8b8c94fde","contentHash":"77782bcbbb57eac4e68d16486b9e0b3c925f1f9fe512c4b040fe0402a190c53d"},"/home/marco/apps/sistemisolari/appalti190-server/src/controllers/payment.controller.js":{"path":"/home/marco/apps/sistemisolari/appalti190-server/src/controllers/payment.controller.js","statementMap":{"0":{"start":{"line":5,"column":21},"end":{"line":5,"column":38}},"1":{"start":{"line":6,"column":19},"end":{"line":6,"column":62}},"2":{"start":{"line":7,"column":15},"end":{"line":7,"column":35}},"3":{"start":{"line":9,"column":15},"end":{"line":14,"column":3}},"4":{"start":{"line":17,"column":0},"end":{"line":19,"column":2}},"5":{"start":{"line":18,"column":2},"end":{"line":18,"column":56}},"6":{"start":{"line":21,"column":0},"end":{"line":52,"column":2}},"7":{"start":{"line":23,"column":18},"end":{"line":23,"column":34}},"8":{"start":{"line":26,"column":2},"end":{"line":51,"column":3}},"9":{"start":{"line":27,"column":20},"end":{"line":38,"column":6}},"10":{"start":{"line":40,"column":4},"end":{"line":44,"column":5}},"11":{"start":{"line":42,"column":6},"end":{"line":42,"column":69}},"12":{"start":{"line":43,"column":6},"end":{"line":43,"column":87}},"13":{"start":{"line":46,"column":4},"end":{"line":46,"column":43}},"14":{"start":{"line":47,"column":4},"end":{"line":47,"column":45}},"15":{"start":{"line":49,"column":4},"end":{"line":49,"column":73}},"16":{"start":{"line":50,"column":4},"end":{"line":50,"column":28}},"17":{"start":{"line":54,"column":0},"end":{"line":66,"column":2}},"18":{"start":{"line":55,"column":2},"end":{"line":65,"column":3}},"19":{"start":{"line":56,"column":20},"end":{"line":56,"column":81}},"20":{"start":{"line":57,"column":21},"end":{"line":57,"column":96}},"21":{"start":{"line":58,"column":18},"end":{"line":58,"column":74}},"22":{"start":{"line":59,"column":20},"end":{"line":59,"column":45}},"23":{"start":{"line":60,"column":4},"end":{"line":60,"column":112}},"24":{"start":{"line":61,"column":4},"end":{"line":61,"column":88}},"25":{"start":{"line":63,"column":4},"end":{"line":63,"column":98}},"26":{"start":{"line":64,"column":4},"end":{"line":64,"column":104}},"27":{"start":{"line":68,"column":0},"end":{"line":80,"column":2}},"28":{"start":{"line":69,"column":2},"end":{"line":79,"column":3}},"29":{"start":{"line":70,"column":20},"end":{"line":70,"column":81}},"30":{"start":{"line":71,"column":21},"end":{"line":71,"column":96}},"31":{"start":{"line":72,"column":18},"end":{"line":72,"column":74}},"32":{"start":{"line":73,"column":20},"end":{"line":73,"column":45}},"33":{"start":{"line":74,"column":4},"end":{"line":74,"column":110}},"34":{"start":{"line":75,"column":4},"end":{"line":75,"column":87}},"35":{"start":{"line":77,"column":4},"end":{"line":77,"column":97}},"36":{"start":{"line":78,"column":4},"end":{"line":78,"column":103}}},"fnMap":{"0":{"name":"(anonymous_0)","decl":{"start":{"line":17,"column":18},"end":{"line":17,"column":19}},"loc":{"start":{"line":17,"column":37},"end":{"line":19,"column":1}},"line":17},"1":{"name":"(anonymous_1)","decl":{"start":{"line":21,"column":32},"end":{"line":21,"column":33}},"loc":{"start":{"line":21,"column":51},"end":{"line":52,"column":1}},"line":21},"2":{"name":"(anonymous_2)","decl":{"start":{"line":54,"column":25},"end":{"line":54,"column":26}},"loc":{"start":{"line":54,"column":44},"end":{"line":66,"column":1}},"line":54},"3":{"name":"(anonymous_3)","decl":{"start":{"line":68,"column":24},"end":{"line":68,"column":25}},"loc":{"start":{"line":68,"column":43},"end":{"line":80,"column":1}},"line":68}},"branchMap":{"0":{"loc":{"start":{"line":10,"column":2},"end":{"line":13,"column":35}},"type":"cond-expr","locations":[{"start":{"line":11,"column":4},"end":{"line":11,"column":35}},{"start":{"line":13,"column":4},"end":{"line":13,"column":35}}],"line":10},"1":{"loc":{"start":{"line":40,"column":4},"end":{"line":44,"column":5}},"type":"if","locations":[{"start":{"line":40,"column":4},"end":{"line":44,"column":5}},{"start":{"line":40,"column":4},"end":{"line":44,"column":5}}],"line":40},"2":{"loc":{"start":{"line":57,"column":21},"end":{"line":57,"column":96}},"type":"cond-expr","locations":[{"start":{"line":57,"column":40},"end":{"line":57,"column":89}},{"start":{"line":57,"column":92},"end":{"line":57,"column":96}}],"line":57},"3":{"loc":{"start":{"line":60,"column":60},"end":{"line":60,"column":108}},"type":"cond-expr","locations":[{"start":{"line":60,"column":71},"end":{"line":60,"column":103}},{"start":{"line":60,"column":106},"end":{"line":60,"column":108}}],"line":60},"4":{"loc":{"start":{"line":71,"column":21},"end":{"line":71,"column":96}},"type":"cond-expr","locations":[{"start":{"line":71,"column":40},"end":{"line":71,"column":89}},{"start":{"line":71,"column":92},"end":{"line":71,"column":96}}],"line":71},"5":{"loc":{"start":{"line":74,"column":58},"end":{"line":74,"column":106}},"type":"cond-expr","locations":[{"start":{"line":74,"column":69},"end":{"line":74,"column":101}},{"start":{"line":74,"column":104},"end":{"line":74,"column":106}}],"line":74}},"s":{"0":1,"1":1,"2":1,"3":1,"4":1,"5":1,"6":1,"7":2,"8":2,"9":2,"10":1,"11":0,"12":0,"13":1,"14":1,"15":1,"16":1,"17":1,"18":1,"19":1,"20":1,"21":1,"22":1,"23":1,"24":1,"25":0,"26":0,"27":1,"28":1,"29":1,"30":1,"31":1,"32":1,"33":1,"34":1,"35":0,"36":0},"f":{"0":1,"1":2,"2":1,"3":1},"b":{"0":[0,1],"1":[0,1],"2":[0,1],"3":[0,1],"4":[0,1],"5":[0,1]},"_coverageSchema":"1a1c01bbd47fc00a2c39e90264f33305004495a9","hash":"e5230db94088665cfd3f13ad5b2373070fb27e50","contentHash":"6b7ead1a870aaefad3473e57aa2bfe9412591c3c584667461b27bcc0cb7da609"}}