TN:
SF:server.js
FN:35,(anonymous_0)
FN:44,(anonymous_1)
FN:53,(anonymous_2)
FN:98,(anonymous_3)
FN:102,(anonymous_4)
FN:117,(anonymous_5)
FN:134,(anonymous_6)
FNF:7
FNH:4
FNDA:2,(anonymous_0)
FNDA:66,(anonymous_1)
FNDA:66,(anonymous_2)
FNDA:1,(anonymous_3)
FNDA:0,(anonymous_4)
FNDA:0,(anonymous_5)
FNDA:0,(anonymous_6)
DA:1,1
DA:2,1
DA:3,1
DA:4,1
DA:5,1
DA:6,1
DA:7,1
DA:8,1
DA:9,1
DA:10,1
DA:11,1
DA:12,1
DA:14,1
DA:15,1
DA:18,1
DA:31,1
DA:34,1
DA:35,2
DA:39,1
DA:44,1
DA:45,66
DA:49,66
DA:53,1
DA:55,66
DA:56,66
DA:60,1
DA:63,1
DA:64,0
DA:65,0
DA:67,1
DA:68,1
DA:72,1
DA:75,1
DA:79,1
DA:91,1
DA:99,1
DA:100,1
DA:103,0
DA:104,0
DA:109,1
DA:110,1
DA:111,1
DA:112,1
DA:117,1
DA:118,0
DA:119,0
DA:120,0
DA:122,0
DA:126,1
DA:127,1
DA:128,1
DA:129,1
DA:132,1
DA:133,0
DA:134,0
DA:136,0
DA:137,0
DA:140,1
LF:58
LH:46
BRDA:63,0,0,0
BRDA:63,0,1,1
BRDA:79,1,0,0
BRDA:79,1,1,1
BRDA:82,2,0,1
BRDA:82,2,1,0
BRDA:119,3,0,0
BRDA:119,3,1,0
BRDA:132,4,0,0
BRDA:132,4,1,1
BRDA:133,5,0,0
BRDA:133,5,1,0
BRF:12
BRH:4
end_of_record
TN:
SF:src/config.js
FNF:0
FNH:0
DA:1,1
DA:2,1
DA:3,1
DA:4,1
DA:5,1
DA:9,1
DA:13,1
DA:22,1
LF:8
LH:8
BRDA:5,0,0,0
BRDA:5,0,1,1
BRDA:9,1,0,0
BRDA:9,1,1,1
BRDA:13,2,0,0
BRDA:13,2,1,1
BRDA:118,3,0,0
BRDA:118,3,1,1
BRF:8
BRH:4
end_of_record
TN:
SF:src/controllers/auth.controller.js
FN:17,(anonymous_0)
FN:61,(anonymous_1)
FN:100,(anonymous_2)
FN:134,(anonymous_3)
FN:151,(anonymous_4)
FN:157,(anonymous_5)
FN:170,(anonymous_6)
FN:186,(anonymous_7)
FN:249,(anonymous_8)
FN:294,(anonymous_9)
FN:334,(anonymous_10)
FN:369,(anonymous_11)
FNF:12
FNH:12
FNDA:7,(anonymous_0)
FNDA:7,(anonymous_1)
FNDA:2,(anonymous_2)
FNDA:8,(anonymous_3)
FNDA:8,(anonymous_4)
FNDA:7,(anonymous_5)
FNDA:8,(anonymous_6)
FNDA:8,(anonymous_7)
FNDA:2,(anonymous_8)
FNDA:1,(anonymous_9)
FNDA:1,(anonymous_10)
FNDA:2,(anonymous_11)
DA:1,1
DA:2,1
DA:3,1
DA:4,1
DA:5,1
DA:6,1
DA:7,1
DA:15,1
DA:17,1
DA:18,7
DA:19,7
DA:22,7
DA:23,0
DA:25,7
DA:27,7
DA:28,7
DA:29,3
DA:31,7
DA:32,3
DA:37,7
DA:38,7
DA:40,0
DA:44,7
DA:45,7
DA:47,0
DA:50,7
DA:61,7
DA:62,7
DA:63,0
DA:64,0
DA:66,0
DA:67,0
DA:71,7
DA:72,7
DA:73,7
DA:75,7
DA:76,0
DA:77,0
DA:78,0
DA:79,0
DA:80,0
DA:85,0
DA:86,0
DA:89,7
DA:95,0
DA:100,1
DA:101,2
DA:102,2
DA:103,2
DA:104,2
DA:106,1
DA:108,0
DA:109,0
DA:114,0
DA:115,0
DA:116,0
DA:117,0
DA:118,0
DA:123,0
DA:124,0
DA:127,0
DA:130,0
DA:134,1
DA:135,8
DA:137,8
DA:139,8
DA:140,8
DA:143,8
DA:152,8
DA:153,8
DA:156,7
DA:157,7
DA:158,7
DA:159,7
DA:160,7
DA:161,7
DA:166,0
DA:170,1
DA:171,8
DA:173,8
DA:187,8
DA:188,0
DA:189,0
DA:190,0
DA:194,8
DA:195,0
DA:199,8
DA:200,0
DA:204,8
DA:205,1
DA:209,7
DA:210,0
DA:211,0
DA:219,7
DA:224,7
DA:226,7
DA:227,7
DA:228,7
DA:231,7
DA:233,7
DA:235,7
DA:249,1
DA:251,2
DA:252,2
DA:254,2
DA:255,2
DA:258,1
DA:259,1
DA:261,1
DA:264,1
DA:266,1
DA:268,0
DA:269,0
DA:270,0
DA:272,0
DA:277,0
DA:278,0
DA:281,1
DA:289,0
DA:294,1
DA:295,1
DA:296,1
DA:297,1
DA:298,1
DA:300,1
DA:302,1
DA:303,1
DA:315,1
DA:316,1
DA:317,1
DA:320,1
DA:322,1
DA:325,0
DA:334,1
DA:335,1
DA:336,1
DA:338,1
DA:339,1
DA:343,1
DA:346,1
DA:348,1
DA:349,0
DA:350,0
DA:351,0
DA:352,0
DA:357,0
DA:358,0
DA:361,1
DA:364,0
DA:365,0
DA:369,1
DA:370,2
DA:372,2
DA:373,0
DA:376,2
DA:377,2
DA:379,2
DA:380,1
DA:383,1
DA:384,0
DA:386,0
DA:391,1
DA:395,1
DA:400,0
DA:405,1
LF:165
LH:111
BRDA:22,0,0,0
BRDA:22,0,1,7
BRDA:27,1,0,7
BRDA:27,1,1,0
BRDA:28,2,0,3
BRDA:28,2,1,4
BRDA:31,3,0,3
BRDA:31,3,1,4
BRDA:62,4,0,0
BRDA:62,4,1,7
BRDA:63,5,0,0
BRDA:63,5,1,0
BRDA:75,6,0,0
BRDA:75,6,1,7
BRDA:92,7,0,7
BRDA:92,7,1,7
BRDA:104,8,0,1
BRDA:104,8,1,1
BRDA:106,9,0,1
BRDA:106,9,1,0
BRDA:114,10,0,0
BRDA:114,10,1,0
BRDA:135,11,0,0
BRDA:135,11,1,8
BRDA:140,12,0,0
BRDA:140,12,1,8
BRDA:152,13,0,0
BRDA:152,13,1,8
BRDA:153,14,0,1
BRDA:153,14,1,7
BRDA:158,15,0,0
BRDA:158,15,1,7
BRDA:187,16,0,0
BRDA:187,16,1,8
BRDA:194,17,0,0
BRDA:194,17,1,8
BRDA:199,18,0,0
BRDA:199,18,1,8
BRDA:204,19,0,1
BRDA:204,19,1,7
BRDA:209,20,0,0
BRDA:209,20,1,7
BRDA:210,21,0,0
BRDA:210,21,1,0
BRDA:255,22,0,1
BRDA:255,22,1,1
BRDA:266,23,0,0
BRDA:266,23,1,1
BRDA:284,24,0,1
BRDA:284,24,1,1
BRDA:300,25,0,0
BRDA:300,25,1,1
BRDA:303,26,0,0
BRDA:303,26,1,1
BRDA:339,27,0,0
BRDA:339,27,1,1
BRDA:348,28,0,0
BRDA:348,28,1,1
BRDA:372,29,0,0
BRDA:372,29,1,2
BRDA:379,30,0,1
BRDA:379,30,1,1
BRDA:383,31,0,0
BRDA:383,31,1,1
BRF:64
BRH:38
end_of_record
TN:
SF:src/controllers/job.controller.js
FN:44,(anonymous_0)
FN:48,(anonymous_1)
FN:52,(anonymous_2)
FN:64,(anonymous_3)
FN:73,(anonymous_4)
FN:86,(anonymous_5)
FN:158,(anonymous_6)
FN:161,(anonymous_7)
FN:164,(anonymous_8)
FN:167,(anonymous_9)
FN:233,(anonymous_10)
FN:547,(anonymous_11)
FN:671,(anonymous_12)
FN:680,(anonymous_13)
FN:706,(anonymous_14)
FN:722,(anonymous_15)
FN:732,(anonymous_16)
FN:748,(anonymous_17)
FN:765,(anonymous_18)
FN:781,(anonymous_19)
FN:786,(anonymous_20)
FN:800,(anonymous_21)
FN:805,(anonymous_22)
FN:841,(anonymous_23)
FN:842,(anonymous_24)
FN:843,(anonymous_25)
FN:855,(anonymous_26)
FN:859,(anonymous_27)
FN:865,(anonymous_28)
FN:874,(anonymous_29)
FN:883,(anonymous_30)
FN:889,(anonymous_31)
FN:903,(anonymous_32)
FN:911,(anonymous_33)
FN:914,(anonymous_34)
FN:918,(anonymous_35)
FN:925,(anonymous_36)
FN:952,(anonymous_37)
FNF:38
FNH:14
FNDA:1,(anonymous_0)
FNDA:0,(anonymous_1)
FNDA:0,(anonymous_2)
FNDA:0,(anonymous_3)
FNDA:1,(anonymous_4)
FNDA:5,(anonymous_5)
FNDA:4,(anonymous_6)
FNDA:8,(anonymous_7)
FNDA:12,(anonymous_8)
FNDA:16,(anonymous_9)
FNDA:9840,(anonymous_10)
FNDA:12,(anonymous_11)
FNDA:8,(anonymous_12)
FNDA:234,(anonymous_13)
FNDA:4,(anonymous_14)
FNDA:0,(anonymous_15)
FNDA:0,(anonymous_16)
FNDA:4,(anonymous_17)
FNDA:0,(anonymous_18)
FNDA:4638,(anonymous_19)
FNDA:0,(anonymous_20)
FNDA:0,(anonymous_21)
FNDA:0,(anonymous_22)
FNDA:0,(anonymous_23)
FNDA:0,(anonymous_24)
FNDA:0,(anonymous_25)
FNDA:0,(anonymous_26)
FNDA:0,(anonymous_27)
FNDA:0,(anonymous_28)
FNDA:0,(anonymous_29)
FNDA:0,(anonymous_30)
FNDA:0,(anonymous_31)
FNDA:0,(anonymous_32)
FNDA:0,(anonymous_33)
FNDA:0,(anonymous_34)
FNDA:0,(anonymous_35)
FNDA:0,(anonymous_36)
FNDA:0,(anonymous_37)
DA:1,1
DA:2,1
DA:3,1
DA:4,1
DA:5,1
DA:6,1
DA:7,1
DA:8,1
DA:9,1
DA:10,1
DA:11,1
DA:12,1
DA:13,1
DA:15,1
DA:44,1
DA:46,1
DA:49,0
DA:51,0
DA:52,0
DA:53,0
DA:54,0
DA:55,0
DA:57,0
DA:60,0
DA:65,0
DA:73,1
DA:74,1
DA:76,0
DA:77,1
DA:79,0
DA:82,1
DA:86,1
DA:87,5
DA:102,5
DA:107,5
DA:108,0
DA:109,0
DA:111,0
DA:113,5
DA:114,0
DA:115,0
DA:117,0
DA:121,5
DA:123,5
DA:124,5
DA:126,1
DA:127,1
DA:128,1
DA:133,4
DA:134,4
DA:139,0
DA:140,0
DA:141,0
DA:142,0
DA:145,4
DA:146,4
DA:147,0
DA:148,0
DA:149,0
DA:151,0
DA:154,4
DA:155,4
DA:156,4
DA:158,4
DA:159,4
DA:161,8
DA:162,4
DA:164,12
DA:165,4
DA:167,16
DA:168,4
DA:171,4
DA:173,4
DA:174,4
DA:177,4
DA:178,4
DA:179,4
DA:181,0
DA:182,0
DA:185,4
DA:186,4
DA:189,4
DA:202,4
DA:214,4
DA:215,4
DA:216,4
DA:217,4
DA:218,4
DA:222,4
DA:223,4
DA:224,4
DA:225,4
DA:226,4
DA:227,4
DA:228,4
DA:229,4
DA:230,4
DA:231,4
DA:233,4
DA:234,9840
DA:236,9840
DA:237,4
DA:240,9836
DA:241,1112
DA:242,1112
DA:244,8724
DA:245,206
DA:246,206
DA:248,8518
DA:249,8518
DA:250,8518
DA:252,0
DA:253,0
DA:254,0
DA:257,9836
DA:258,4960
DA:259,4960
DA:260,3848
DA:263,4876
DA:264,4876
DA:266,0
DA:267,0
DA:268,0
DA:271,9836
DA:272,894
DA:276,892
DA:278,2
DA:279,2
DA:280,2
DA:283,8942
DA:284,8942
DA:285,8942
DA:287,8942
DA:288,8942
DA:290,8942
DA:292,4880
DA:295,4880
DA:297,4650
DA:300,230
DA:301,230
DA:302,230
DA:303,230
DA:304,230
DA:306,230
DA:308,230
DA:309,230
DA:313,230
DA:314,230
DA:315,0
DA:316,0
DA:317,0
DA:319,230
DA:322,230
DA:323,230
DA:324,0
DA:325,0
DA:326,0
DA:328,230
DA:331,230
DA:332,230
DA:334,230
DA:335,230
DA:337,230
DA:338,230
DA:339,0
DA:342,230
DA:343,230
DA:344,0
DA:347,230
DA:348,0
DA:349,0
DA:350,0
DA:353,230
DA:354,230
DA:355,230
DA:357,230
DA:358,230
DA:359,230
DA:360,230
DA:361,230
DA:362,230
DA:366,230
DA:384,230
DA:385,4
DA:386,0
DA:388,4
DA:390,4
DA:391,4
DA:397,4
DA:398,4
DA:399,4
DA:401,4
DA:402,0
DA:403,0
DA:405,0
DA:407,0
DA:408,0
DA:414,0
DA:415,0
DA:416,0
DA:419,226
DA:420,43
DA:422,183
DA:424,226
DA:429,226
DA:430,226
DA:431,226
DA:433,226
DA:434,194
DA:435,41
DA:437,153
DA:439,194
DA:444,194
DA:445,194
DA:446,194
DA:452,4062
DA:453,0
DA:454,0
DA:455,0
DA:457,4062
DA:458,0
DA:459,0
DA:460,0
DA:463,4062
DA:464,398
DA:465,32
DA:467,366
DA:469,398
DA:473,398
DA:474,15
DA:476,398
DA:477,15
DA:479,398
DA:481,398
DA:482,26
DA:483,4
DA:485,22
DA:487,26
DA:491,26
DA:492,12
DA:494,26
DA:495,12
DA:497,26
DA:500,3664
DA:501,444
DA:503,3220
DA:505,3664
DA:508,3664
DA:509,0
DA:511,3664
DA:512,0
DA:514,3664
DA:516,3664
DA:517,126
DA:518,28
DA:520,98
DA:522,126
DA:525,126
DA:526,20
DA:528,126
DA:529,20
DA:531,126
DA:539,4
DA:540,4
DA:542,4
DA:543,4
DA:546,4
DA:547,12
DA:550,4
DA:553,4
DA:554,4
DA:557,4
DA:558,4
DA:559,4
DA:560,4
DA:561,4
DA:565,4
DA:566,4
DA:568,4
DA:570,0
DA:571,0
DA:573,0
DA:575,0
DA:578,4
DA:583,4
DA:584,0
DA:585,0
DA:586,0
DA:587,0
DA:588,0
DA:589,0
DA:590,0
DA:591,0
DA:593,0
DA:594,0
DA:598,0
DA:599,0
DA:600,0
DA:605,0
DA:608,0
DA:612,0
DA:615,0
DA:618,0
DA:619,0
DA:620,0
DA:621,0
DA:622,0
DA:623,0
DA:624,0
DA:625,0
DA:627,0
DA:629,0
DA:630,0
DA:631,0
DA:632,0
DA:634,4
DA:635,4
DA:638,4
DA:641,4
DA:642,4
DA:643,4
DA:644,4
DA:646,4
DA:647,0
DA:649,4
DA:650,4
DA:654,4
DA:655,4
DA:656,4
DA:657,0
DA:658,0
DA:659,0
DA:660,0
DA:663,0
DA:668,4
DA:671,1
DA:673,8
DA:676,8
DA:680,1
DA:681,234
DA:683,230
DA:684,19
DA:685,19
DA:687,230
DA:688,226
DA:689,226
DA:692,230
DA:693,12
DA:694,12
DA:696,230
DA:697,214
DA:698,214
DA:701,230
DA:706,1
DA:707,4
DA:708,4
DA:709,0
DA:711,4
DA:712,4
DA:714,4
DA:715,4
DA:717,0
DA:722,1
DA:723,0
DA:724,0
DA:725,0
DA:727,0
DA:732,1
DA:733,0
DA:735,0
DA:736,0
DA:738,0
DA:739,0
DA:740,0
DA:748,1
DA:749,4
DA:750,0
DA:756,4
DA:765,1
DA:766,0
DA:767,0
DA:768,0
DA:773,0
DA:781,1
DA:782,4638
DA:786,1
DA:787,0
DA:788,0
DA:789,0
DA:790,0
DA:791,0
DA:792,0
DA:793,0
DA:795,0
DA:796,0
DA:797,0
DA:799,0
DA:800,0
DA:802,0
DA:805,0
DA:808,0
DA:809,0
DA:810,0
DA:815,0
DA:820,0
DA:821,0
DA:823,0
DA:825,0
DA:831,0
DA:837,0
DA:841,1
DA:842,0
DA:843,0
DA:844,0
DA:845,0
DA:847,0
DA:848,0
DA:850,0
DA:855,1
DA:856,0
DA:857,0
DA:858,0
DA:859,0
DA:860,0
DA:862,0
DA:865,1
DA:866,0
DA:872,0
DA:873,0
DA:876,0
DA:877,0
DA:878,0
DA:880,0
DA:881,0
DA:882,0
DA:884,0
DA:885,0
DA:887,0
DA:890,0
DA:891,0
DA:892,0
DA:893,0
DA:894,0
DA:896,0
DA:901,0
DA:904,0
DA:906,0
DA:911,1
DA:912,0
DA:913,0
DA:916,0
DA:920,0
DA:925,1
DA:926,0
DA:928,0
DA:929,0
DA:930,0
DA:933,0
DA:934,0
DA:935,0
DA:938,0
DA:939,0
DA:941,0
DA:944,0
DA:946,0
DA:948,0
DA:952,1
DA:953,0
DA:954,0
DA:956,0
DA:959,0
LF:471
LH:274
BRDA:53,0,0,0
BRDA:53,0,1,0
BRDA:54,1,0,0
BRDA:54,1,1,0
BRDA:65,2,0,0
BRDA:65,2,1,0
BRDA:74,3,0,0
BRDA:74,3,1,1
BRDA:77,4,0,0
BRDA:77,4,1,1
BRDA:107,5,0,0
BRDA:107,5,1,5
BRDA:113,6,0,0
BRDA:113,6,1,5
BRDA:146,7,0,0
BRDA:146,7,1,4
BRDA:159,8,0,0
BRDA:159,8,1,4
BRDA:162,9,0,0
BRDA:162,9,1,4
BRDA:164,10,0,0
BRDA:164,10,1,4
BRDA:165,11,0,0
BRDA:165,11,1,4
BRDA:167,12,0,0
BRDA:167,12,1,4
BRDA:168,13,0,0
BRDA:168,13,1,4
BRDA:236,14,0,4
BRDA:236,14,1,9836
BRDA:240,15,0,1112
BRDA:240,15,1,8724
BRDA:244,16,0,206
BRDA:244,16,1,8518
BRDA:248,17,0,8518
BRDA:248,17,1,0
BRDA:257,18,0,4960
BRDA:257,18,1,4876
BRDA:259,19,0,3848
BRDA:259,19,1,1112
BRDA:263,20,0,4876
BRDA:263,20,1,0
BRDA:271,21,0,894
BRDA:271,21,1,8942
BRDA:271,22,0,9836
BRDA:271,22,1,8942
BRDA:272,23,0,892
BRDA:272,23,1,2
BRDA:273,24,0,894
BRDA:273,24,1,892
BRDA:290,25,0,4880
BRDA:290,25,1,4062
BRDA:295,26,0,4650
BRDA:295,26,1,230
BRDA:308,27,0,230
BRDA:308,27,1,0
BRDA:314,28,0,0
BRDA:314,28,1,230
BRDA:323,29,0,0
BRDA:323,29,1,230
BRDA:331,30,0,222
BRDA:331,30,1,8
BRDA:332,31,0,222
BRDA:332,31,1,8
BRDA:337,32,0,226
BRDA:337,32,1,4
BRDA:338,33,0,0
BRDA:338,33,1,230
BRDA:338,34,0,230
BRDA:338,34,1,226
BRDA:342,35,0,222
BRDA:342,35,1,8
BRDA:343,36,0,0
BRDA:343,36,1,230
BRDA:343,37,0,230
BRDA:343,37,1,222
BRDA:347,38,0,0
BRDA:347,38,1,230
BRDA:353,39,0,230
BRDA:353,39,1,0
BRDA:354,40,0,230
BRDA:354,40,1,0
BRDA:357,41,0,230
BRDA:357,41,1,0
BRDA:384,42,0,4
BRDA:384,42,1,226
BRDA:385,43,0,0
BRDA:385,43,1,4
BRDA:401,44,0,0
BRDA:401,44,1,4
BRDA:402,45,0,0
BRDA:402,45,1,0
BRDA:419,46,0,43
BRDA:419,46,1,183
BRDA:433,47,0,194
BRDA:433,47,1,32
BRDA:434,48,0,41
BRDA:434,48,1,153
BRDA:452,49,0,0
BRDA:452,49,1,4062
BRDA:457,50,0,0
BRDA:457,50,1,4062
BRDA:463,51,0,398
BRDA:463,51,1,3664
BRDA:464,52,0,32
BRDA:464,52,1,366
BRDA:473,53,0,15
BRDA:473,53,1,383
BRDA:476,54,0,15
BRDA:476,54,1,383
BRDA:481,55,0,26
BRDA:481,55,1,372
BRDA:482,56,0,4
BRDA:482,56,1,22
BRDA:491,57,0,12
BRDA:491,57,1,14
BRDA:494,58,0,12
BRDA:494,58,1,14
BRDA:500,59,0,444
BRDA:500,59,1,3220
BRDA:508,60,0,0
BRDA:508,60,1,3664
BRDA:511,61,0,0
BRDA:511,61,1,3664
BRDA:516,62,0,126
BRDA:516,62,1,3538
BRDA:517,63,0,28
BRDA:517,63,1,98
BRDA:525,64,0,20
BRDA:525,64,1,106
BRDA:528,65,0,20
BRDA:528,65,1,106
BRDA:539,66,0,4
BRDA:539,66,1,0
BRDA:568,67,0,0
BRDA:568,67,1,4
BRDA:583,68,0,0
BRDA:583,68,1,4
BRDA:587,69,0,0
BRDA:587,69,1,0
BRDA:622,70,0,0
BRDA:622,70,1,0
BRDA:646,71,0,0
BRDA:646,71,1,4
BRDA:656,72,0,0
BRDA:656,72,1,4
BRDA:657,73,0,0
BRDA:657,73,1,0
BRDA:659,74,0,0
BRDA:659,74,1,0
BRDA:663,75,0,0
BRDA:663,75,1,0
BRDA:681,76,0,230
BRDA:681,76,1,4
BRDA:683,77,0,19
BRDA:683,77,1,211
BRDA:687,78,0,226
BRDA:687,78,1,4
BRDA:692,79,0,12
BRDA:692,79,1,218
BRDA:696,80,0,214
BRDA:696,80,1,16
BRDA:708,81,0,0
BRDA:708,81,1,4
BRDA:711,82,0,4
BRDA:711,82,1,0
BRDA:735,83,0,0
BRDA:735,83,1,0
BRDA:749,84,0,0
BRDA:749,84,1,4
BRDA:767,85,0,0
BRDA:767,85,1,0
BRDA:788,86,0,0
BRDA:788,86,1,0
BRDA:800,87,0,0
BRDA:800,87,1,0
BRDA:808,88,0,0
BRDA:808,88,1,0
BRDA:810,89,0,0
BRDA:810,89,1,0
BRDA:844,90,0,0
BRDA:844,90,1,0
BRDA:847,91,0,0
BRDA:847,91,1,0
BRDA:877,92,0,0
BRDA:877,92,1,0
BRDA:880,93,0,0
BRDA:880,93,1,0
BRDA:938,94,0,0
BRDA:938,94,1,0
BRDA:939,95,0,0
BRDA:939,95,1,0
BRF:192
BRH:114
end_of_record
TN:
SF:src/controllers/logger.controller.js
FN:45,(anonymous_0)
FN:74,(anonymous_1)
FNF:2
FNH:2
FNDA:20,(anonymous_0)
FNDA:20,(anonymous_1)
DA:1,1
DA:3,1
DA:8,1
DA:10,1
DA:11,1
DA:37,1
DA:38,1
DA:39,1
DA:45,20
DA:57,1
DA:61,1
DA:62,0
DA:72,1
DA:73,1
DA:74,1
DA:75,20
DA:77,1
DA:87,0
DA:88,0
DA:91,1
DA:92,1
DA:97,0
DA:100,1
LF:23
LH:19
BRDA:61,0,0,0
BRDA:61,0,1,1
BRDA:72,1,0,1
BRDA:72,1,1,0
BRDA:73,2,0,1
BRDA:73,2,1,0
BRDA:73,3,0,1
BRDA:73,3,1,0
BRF:8
BRH:4
end_of_record
TN:
SF:src/controllers/payment.controller.js
FN:17,(anonymous_0)
FN:21,(anonymous_1)
FN:54,(anonymous_2)
FN:68,(anonymous_3)
FNF:4
FNH:4
FNDA:1,(anonymous_0)
FNDA:2,(anonymous_1)
FNDA:1,(anonymous_2)
FNDA:1,(anonymous_3)
DA:5,1
DA:6,1
DA:7,1
DA:9,1
DA:17,1
DA:18,1
DA:21,1
DA:23,2
DA:26,2
DA:27,2
DA:40,1
DA:42,0
DA:43,0
DA:46,1
DA:47,1
DA:49,1
DA:50,1
DA:54,1
DA:55,1
DA:56,1
DA:57,1
DA:58,1
DA:59,1
DA:60,1
DA:61,1
DA:63,0
DA:64,0
DA:68,1
DA:69,1
DA:70,1
DA:71,1
DA:72,1
DA:73,1
DA:74,1
DA:75,1
DA:77,0
DA:78,0
LF:37
LH:31
BRDA:10,0,0,0
BRDA:10,0,1,1
BRDA:40,1,0,0
BRDA:40,1,1,1
BRDA:57,2,0,0
BRDA:57,2,1,1
BRDA:60,3,0,0
BRDA:60,3,1,1
BRDA:71,4,0,0
BRDA:71,4,1,1
BRDA:74,5,0,0
BRDA:74,5,1,1
BRF:12
BRH:6
end_of_record
TN:
SF:src/controllers/user.controller.js
FN:14,(anonymous_0)
FN:29,(anonymous_1)
FN:42,(anonymous_2)
FN:48,(anonymous_3)
FN:62,(anonymous_4)
FN:69,(anonymous_5)
FN:85,(anonymous_6)
FN:95,(anonymous_7)
FN:106,(anonymous_8)
FN:144,(anonymous_9)
FN:154,(anonymous_10)
FN:166,(anonymous_11)
FN:180,(anonymous_12)
FN:202,(anonymous_13)
FN:209,(anonymous_14)
FN:213,(anonymous_15)
FN:214,(anonymous_16)
FN:219,(anonymous_17)
FN:222,(anonymous_18)
FN:230,(anonymous_19)
FN:243,(anonymous_20)
FN:250,(anonymous_21)
FN:255,(anonymous_22)
FN:263,(anonymous_23)
FN:278,(anonymous_24)
FN:295,(anonymous_25)
FN:301,(anonymous_26)
FN:306,(anonymous_27)
FN:311,(anonymous_28)
FN:325,(anonymous_29)
FN:333,(anonymous_30)
FN:341,(anonymous_31)
FNF:32
FNH:18
FNDA:1,(anonymous_0)
FNDA:0,(anonymous_1)
FNDA:0,(anonymous_2)
FNDA:0,(anonymous_3)
FNDA:0,(anonymous_4)
FNDA:1,(anonymous_5)
FNDA:1,(anonymous_6)
FNDA:4,(anonymous_7)
FNDA:4,(anonymous_8)
FNDA:1,(anonymous_9)
FNDA:5,(anonymous_10)
FNDA:5,(anonymous_11)
FNDA:5,(anonymous_12)
FNDA:2,(anonymous_13)
FNDA:2,(anonymous_14)
FNDA:2,(anonymous_15)
FNDA:2,(anonymous_16)
FNDA:2,(anonymous_17)
FNDA:2,(anonymous_18)
FNDA:0,(anonymous_19)
FNDA:0,(anonymous_20)
FNDA:0,(anonymous_21)
FNDA:0,(anonymous_22)
FNDA:0,(anonymous_23)
FNDA:0,(anonymous_24)
FNDA:0,(anonymous_25)
FNDA:0,(anonymous_26)
FNDA:0,(anonymous_27)
FNDA:3,(anonymous_28)
FNDA:1,(anonymous_29)
FNDA:1,(anonymous_30)
FNDA:0,(anonymous_31)
DA:1,1
DA:2,1
DA:3,1
DA:4,1
DA:5,1
DA:12,1
DA:14,1
DA:15,1
DA:16,1
DA:17,0
DA:19,1
DA:26,1
DA:29,1
DA:30,0
DA:31,0
DA:32,0
DA:33,0
DA:35,0
DA:38,0
DA:40,0
DA:43,0
DA:44,0
DA:48,1
DA:49,0
DA:50,0
DA:51,0
DA:52,0
DA:54,0
DA:57,0
DA:60,0
DA:63,0
DA:64,0
DA:65,0
DA:69,1
DA:70,1
DA:71,1
DA:72,0
DA:73,0
DA:75,0
DA:78,1
DA:80,1
DA:86,1
DA:87,1
DA:88,1
DA:95,1
DA:96,4
DA:97,4
DA:98,3
DA:99,0
DA:101,3
DA:104,4
DA:106,4
DA:107,4
DA:108,4
DA:111,3
DA:113,3
DA:114,3
DA:115,1
DA:117,1
DA:118,1
DA:119,1
DA:120,1
DA:123,1
DA:124,1
DA:125,1
DA:126,1
DA:129,1
DA:130,0
DA:131,0
DA:132,0
DA:135,1
DA:136,1
DA:139,1
DA:140,1
DA:144,1
DA:145,1
DA:146,1
DA:154,1
DA:155,5
DA:156,5
DA:157,0
DA:158,0
DA:160,0
DA:163,5
DA:166,5
DA:167,5
DA:170,5
DA:171,5
DA:172,5
DA:174,0
DA:180,1
DA:181,5
DA:182,5
DA:183,5
DA:185,5
DA:186,5
DA:187,5
DA:188,0
DA:189,0
DA:191,0
DA:195,5
DA:196,3
DA:200,2
DA:203,2
DA:204,2
DA:207,2
DA:210,2
DA:212,2
DA:213,2
DA:214,2
DA:215,2
DA:216,0
DA:219,2
DA:222,2
DA:223,2
DA:224,2
DA:230,1
DA:231,0
DA:232,0
DA:233,0
DA:234,0
DA:236,0
DA:239,0
DA:240,0
DA:243,0
DA:244,0
DA:245,0
DA:248,0
DA:251,0
DA:252,0
DA:255,0
DA:256,0
DA:257,0
DA:263,1
DA:264,0
DA:265,0
DA:266,0
DA:268,0
DA:269,0
DA:271,0
DA:274,0
DA:275,0
DA:278,1
DA:280,0
DA:296,0
DA:297,0
DA:298,0
DA:299,0
DA:300,0
DA:301,0
DA:305,0
DA:307,0
DA:311,1
DA:312,3
DA:313,2
DA:315,1
DA:318,1
DA:319,0
DA:320,0
DA:322,1
DA:325,1
DA:326,1
DA:327,1
DA:328,0
DA:330,1
DA:333,1
DA:334,1
DA:335,1
DA:336,0
DA:338,1
DA:341,1
DA:342,0
DA:343,0
DA:344,0
DA:346,0
LF:175
LH:99
BRDA:15,0,0,1
BRDA:15,0,1,1
BRDA:16,1,0,0
BRDA:16,1,1,1
BRDA:31,2,0,0
BRDA:31,2,1,0
BRDA:32,3,0,0
BRDA:32,3,1,0
BRDA:38,4,0,0
BRDA:38,4,1,0
BRDA:43,5,0,0
BRDA:43,5,1,0
BRDA:50,6,0,0
BRDA:50,6,1,0
BRDA:51,7,0,0
BRDA:51,7,1,0
BRDA:57,8,0,0
BRDA:57,8,1,0
BRDA:63,9,0,0
BRDA:63,9,1,0
BRDA:71,10,0,0
BRDA:71,10,1,1
BRDA:72,11,0,0
BRDA:72,11,1,0
BRDA:78,12,0,0
BRDA:78,12,1,1
BRDA:86,13,0,0
BRDA:86,13,1,1
BRDA:87,14,0,0
BRDA:87,14,1,1
BRDA:97,15,0,3
BRDA:97,15,1,1
BRDA:98,16,0,0
BRDA:98,16,1,3
BRDA:104,17,0,0
BRDA:104,17,1,4
BRDA:107,18,0,0
BRDA:107,18,1,4
BRDA:108,19,0,1
BRDA:108,19,1,3
BRDA:114,20,0,2
BRDA:114,20,1,1
BRDA:117,21,0,1
BRDA:117,21,1,0
BRDA:119,22,0,0
BRDA:119,22,1,1
BRDA:123,23,0,1
BRDA:123,23,1,0
BRDA:125,24,0,0
BRDA:125,24,1,1
BRDA:129,25,0,0
BRDA:129,25,1,1
BRDA:131,26,0,0
BRDA:131,26,1,0
BRDA:135,27,0,1
BRDA:135,27,1,0
BRDA:139,28,0,1
BRDA:139,28,1,0
BRDA:145,29,0,0
BRDA:145,29,1,1
BRDA:156,30,0,0
BRDA:156,30,1,5
BRDA:157,31,0,0
BRDA:157,31,1,0
BRDA:163,32,0,0
BRDA:163,32,1,5
BRDA:167,33,0,0
BRDA:167,33,1,5
BRDA:171,34,0,5
BRDA:171,34,1,0
BRDA:186,35,0,0
BRDA:186,35,1,5
BRDA:187,36,0,0
BRDA:187,36,1,5
BRDA:188,37,0,0
BRDA:188,37,1,0
BRDA:195,38,0,3
BRDA:195,38,1,2
BRDA:195,39,0,5
BRDA:195,39,1,4
BRDA:195,39,2,3
BRDA:203,40,0,0
BRDA:203,40,1,2
BRDA:204,41,0,0
BRDA:204,41,1,2
BRDA:210,42,0,0
BRDA:210,42,1,2
BRDA:212,43,0,2
BRDA:212,43,1,0
BRDA:215,44,0,0
BRDA:215,44,1,2
BRDA:223,45,0,0
BRDA:223,45,1,2
BRDA:232,46,0,0
BRDA:232,46,1,0
BRDA:233,47,0,0
BRDA:233,47,1,0
BRDA:239,48,0,0
BRDA:239,48,1,0
BRDA:240,49,0,0
BRDA:240,49,1,0
BRDA:244,50,0,0
BRDA:244,50,1,0
BRDA:245,51,0,0
BRDA:245,51,1,0
BRDA:251,52,0,0
BRDA:251,52,1,0
BRDA:256,53,0,0
BRDA:256,53,1,0
BRDA:264,54,0,0
BRDA:264,54,1,0
BRDA:265,55,0,0
BRDA:265,55,1,0
BRDA:268,56,0,0
BRDA:268,56,1,0
BRDA:300,57,0,0
BRDA:300,57,1,0
BRDA:300,58,0,0
BRDA:300,58,1,0
BRDA:300,58,2,0
BRDA:312,59,0,2
BRDA:312,59,1,1
BRDA:318,60,0,0
BRDA:318,60,1,1
BRDA:320,61,0,0
BRDA:320,61,1,0
BRDA:327,62,0,0
BRDA:327,62,1,1
BRDA:335,63,0,0
BRDA:335,63,1,1
BRDA:343,64,0,0
BRDA:343,64,1,0
BRF:132
BRH:46
end_of_record
TN:
SF:src/helpers/environment.js
FN:5,(anonymous_0)
FN:14,(anonymous_1)
FNF:2
FNH:2
FNDA:1,(anonymous_0)
FNDA:10,(anonymous_1)
DA:1,1
DA:2,1
DA:4,1
DA:6,1
DA:7,0
DA:8,0
DA:9,0
DA:14,1
DA:15,10
DA:17,1
DA:18,0
DA:19,0
DA:20,0
DA:23,1
LF:14
LH:8
BRDA:6,0,0,0
BRDA:6,0,1,1
BRDA:17,1,0,0
BRDA:17,1,1,1
BRF:4
BRH:2
end_of_record
TN:
SF:src/helpers/misc.js
FN:9,(anonymous_0)
FN:41,(anonymous_1)
FN:54,(anonymous_2)
FN:82,(anonymous_3)
FN:86,(anonymous_4)
FN:104,(anonymous_5)
FN:113,(anonymous_6)
FN:116,(anonymous_7)
FN:134,(anonymous_8)
FNF:9
FNH:7
FNDA:6,(anonymous_0)
FNDA:0,(anonymous_1)
FNDA:19,(anonymous_2)
FNDA:14,(anonymous_3)
FNDA:0,(anonymous_4)
FNDA:14,(anonymous_5)
FNDA:8,(anonymous_6)
FNDA:8,(anonymous_7)
FNDA:18,(anonymous_8)
DA:1,1
DA:2,1
DA:3,1
DA:4,1
DA:5,1
DA:7,1
DA:10,6
DA:12,6
DA:13,0
DA:16,6
DA:17,75
DA:19,75
DA:21,70
DA:22,1
DA:26,6
DA:27,6
DA:28,0
DA:30,6
DA:32,5
DA:33,0
DA:38,6
DA:42,0
DA:43,0
DA:45,0
DA:46,0
DA:47,0
DA:56,19
DA:57,1
DA:60,18
DA:62,18
DA:67,18
DA:68,18
DA:70,18
DA:73,18
DA:74,18
DA:75,18
DA:76,0
DA:79,18
DA:83,14
DA:87,0
DA:88,0
DA:89,0
DA:90,0
DA:91,0
DA:92,0
DA:93,0
DA:94,0
DA:95,0
DA:96,0
DA:97,0
DA:98,0
DA:99,0
DA:100,0
DA:101,0
DA:105,14
DA:114,8
DA:117,8
DA:118,0
DA:120,8
DA:121,1
DA:123,7
DA:124,7
DA:125,1
DA:128,6
DA:134,1
DA:141,18
DA:143,18
LF:67
LH:42
BRDA:10,0,0,0
BRDA:10,0,1,6
BRDA:12,1,0,0
BRDA:12,1,1,6
BRDA:12,2,0,6
BRDA:12,2,1,6
BRDA:17,3,0,0
BRDA:17,3,1,75
BRDA:19,4,0,5
BRDA:19,4,1,70
BRDA:21,5,0,1
BRDA:21,5,1,69
BRDA:22,6,0,0
BRDA:22,6,1,1
BRDA:27,7,0,0
BRDA:27,7,1,6
BRDA:27,8,0,6
BRDA:27,8,1,6
BRDA:30,9,0,5
BRDA:30,9,1,1
BRDA:30,10,0,6
BRDA:30,10,1,1
BRDA:30,10,2,1
BRDA:30,10,3,1
BRDA:32,11,0,0
BRDA:32,11,1,5
BRDA:42,12,0,0
BRDA:42,12,1,0
BRDA:56,13,0,1
BRDA:56,13,1,18
BRDA:73,14,0,0
BRDA:73,14,1,18
BRDA:75,15,0,0
BRDA:75,15,1,18
BRDA:86,16,0,0
BRDA:92,17,0,0
BRDA:92,17,1,0
BRDA:94,18,0,0
BRDA:94,18,1,0
BRDA:96,19,0,0
BRDA:96,19,1,0
BRDA:98,20,0,0
BRDA:98,20,1,0
BRDA:100,21,0,0
BRDA:100,21,1,0
BRDA:106,22,0,14
BRDA:106,22,1,14
BRDA:106,22,2,0
BRDA:106,22,3,0
BRDA:117,23,0,0
BRDA:117,23,1,8
BRDA:120,24,0,1
BRDA:120,24,1,7
BRDA:124,25,0,1
BRDA:124,25,1,6
BRF:55
BRH:31
end_of_record
TN:
SF:src/helpers/notification.js
FN:4,(anonymous_0)
FN:8,(anonymous_1)
FN:14,(anonymous_2)
FN:15,(anonymous_3)
FN:22,(anonymous_4)
FN:36,(anonymous_5)
FNF:6
FNH:2
FNDA:1,(anonymous_0)
FNDA:0,(anonymous_1)
FNDA:0,(anonymous_2)
FNDA:0,(anonymous_3)
FNDA:0,(anonymous_4)
FNDA:14,(anonymous_5)
DA:1,1
DA:2,1
DA:4,1
DA:5,1
DA:8,1
DA:10,0
DA:11,0
DA:13,0
DA:14,0
DA:15,0
DA:16,0
DA:17,0
DA:22,1
DA:23,0
DA:24,0
DA:25,0
DA:26,0
DA:27,0
DA:28,0
DA:29,0
DA:30,0
DA:32,0
DA:36,1
DA:37,14
DA:38,0
DA:39,0
DA:40,0
DA:41,0
DA:42,0
DA:44,0
DA:48,1
LF:31
LH:9
BRDA:10,0,0,0
BRDA:10,0,1,0
BRDA:11,1,0,0
BRDA:11,1,1,0
BRDA:13,2,0,0
BRDA:13,2,1,0
BRDA:16,3,0,0
BRDA:16,3,1,0
BRDA:37,4,0,14
BRDA:37,4,1,0
BRDA:38,5,0,0
BRDA:38,5,1,0
BRF:12
BRH:1
end_of_record
TN:
SF:src/middlewares/authJwt.js
FN:9,(anonymous_0)
FN:16,(anonymous_1)
FN:29,(anonymous_2)
FN:30,(anonymous_3)
FN:42,(anonymous_4)
FNF:5
FNH:5
FNDA:32,(anonymous_0)
FNDA:27,(anonymous_1)
FNDA:3,(anonymous_2)
FNDA:3,(anonymous_3)
FNDA:3,(anonymous_4)
DA:1,1
DA:2,1
DA:3,1
DA:4,1
DA:5,1
DA:7,1
DA:9,1
DA:10,32
DA:12,32
DA:13,5
DA:16,27
DA:17,27
DA:18,0
DA:19,0
DA:21,0
DA:24,27
DA:25,27
DA:29,1
DA:30,3
DA:31,3
DA:32,0
DA:34,3
DA:35,0
DA:38,3
DA:43,3
DA:44,0
DA:47,3
DA:48,3
DA:49,1
DA:50,1
DA:54,2
DA:60,1
DA:64,1
LF:33
LH:27
BRDA:12,0,0,5
BRDA:12,0,1,27
BRDA:17,1,0,0
BRDA:17,1,1,27
BRDA:18,2,0,0
BRDA:18,2,1,0
BRDA:31,3,0,0
BRDA:31,3,1,3
BRDA:34,4,0,0
BRDA:34,4,1,3
BRDA:43,5,0,0
BRDA:43,5,1,3
BRDA:48,6,0,1
BRDA:48,6,1,2
BRDA:49,7,0,1
BRDA:49,7,1,0
BRF:16
BRH:9
end_of_record
TN:
SF:src/middlewares/index.js
FNF:0
FNH:0
DA:1,1
DA:2,1
DA:3,1
DA:5,1
LF:4
LH:4
BRF:0
BRH:0
end_of_record
TN:
SF:src/middlewares/verifySignIn.js
FN:3,(anonymous_0)
FNF:1
FNH:1
FNDA:8,(anonymous_0)
DA:1,1
DA:3,1
DA:4,8
DA:5,0
DA:6,0
DA:8,8
DA:11,1
DA:15,1
LF:8
LH:6
BRDA:4,0,0,0
BRDA:4,0,1,8
BRF:2
BRH:1
end_of_record
TN:
SF:src/middlewares/verifySignUp.js
FN:4,(anonymous_0)
FN:7,(anonymous_1)
FN:18,(anonymous_2)
FN:21,(anonymous_3)
FN:35,(anonymous_4)
FN:39,(anonymous_5)
FNF:6
FNH:3
FNDA:0,(anonymous_0)
FNDA:0,(anonymous_1)
FNDA:8,(anonymous_2)
FNDA:8,(anonymous_3)
FNDA:7,(anonymous_4)
FNDA:0,(anonymous_5)
DA:1,1
DA:2,1
DA:4,1
DA:5,0
DA:8,0
DA:9,0
DA:11,0
DA:12,0
DA:14,0
DA:18,1
DA:19,8
DA:22,8
DA:23,0
DA:25,8
DA:26,1
DA:31,7
DA:35,1
DA:36,7
DA:37,0
DA:38,0
DA:39,0
DA:40,0
DA:47,7
DA:50,1
DA:56,1
LF:25
LH:14
BRDA:8,0,0,0
BRDA:8,0,1,0
BRDA:11,1,0,0
BRDA:11,1,1,0
BRDA:22,2,0,0
BRDA:22,2,1,8
BRDA:25,3,0,1
BRDA:25,3,1,7
BRDA:36,4,0,0
BRDA:36,4,1,7
BRDA:39,5,0,0
BRDA:39,5,1,0
BRF:12
BRH:4
end_of_record
TN:
SF:src/models/index.js
FN:56,(anonymous_0)
FN:61,(anonymous_1)
FN:67,(anonymous_2)
FN:68,(anonymous_3)
FN:80,(anonymous_4)
FN:86,(anonymous_5)
FN:89,(anonymous_6)
FNF:7
FNH:3
FNDA:1,(anonymous_0)
FNDA:1,(anonymous_1)
FNDA:0,(anonymous_2)
FNDA:0,(anonymous_3)
FNDA:1,(anonymous_4)
FNDA:0,(anonymous_5)
FNDA:0,(anonymous_6)
DA:1,1
DA:2,1
DA:3,1
DA:5,1
DA:7,1
DA:9,1
DA:11,1
DA:19,1
DA:29,1
DA:56,1
DA:60,1
DA:61,1
DA:62,1
DA:63,0
DA:64,0
DA:66,1
DA:67,0
DA:68,0
DA:69,0
DA:70,0
DA:71,0
DA:73,0
DA:79,1
DA:80,1
DA:81,1
DA:82,0
DA:83,0
DA:85,1
DA:86,0
DA:87,0
DA:90,0
DA:91,0
DA:92,0
DA:94,0
DA:101,1
LF:35
LH:19
BRDA:62,0,0,0
BRDA:62,0,1,1
BRDA:66,1,0,0
BRDA:66,1,1,1
BRDA:69,2,0,0
BRDA:69,2,1,0
BRDA:81,3,0,0
BRDA:81,3,1,1
BRDA:85,4,0,0
BRDA:85,4,1,1
BRDA:90,5,0,0
BRDA:90,5,1,0
BRF:12
BRH:4
end_of_record
TN:
SF:src/models/plan.model.js
FN:20,(anonymous_0)
FNF:1
FNH:0
FNDA:0,(anonymous_0)
DA:1,1
DA:3,1
DA:20,1
DA:21,0
DA:24,0
DA:25,0
DA:27,0
DA:30,1
LF:8
LH:4
BRDA:24,0,0,0
BRDA:24,0,1,0
BRF:2
BRH:0
end_of_record
TN:
SF:src/models/refreshToken.model.js
FN:20,(anonymous_0)
FN:42,(anonymous_1)
FNF:2
FNH:2
FNDA:7,(anonymous_0)
FNDA:1,(anonymous_1)
DA:1,1
DA:2,1
DA:3,1
DA:5,1
DA:20,1
DA:21,7
DA:23,7
DA:27,7
DA:29,7
DA:37,7
DA:39,7
DA:42,1
DA:43,1
DA:46,1
DA:48,1
LF:15
LH:15
BRF:0
BRH:0
end_of_record
TN:
SF:src/models/role.model.js
FNF:0
FNH:0
DA:1,1
DA:3,1
DA:8,1
LF:3
LH:3
BRF:0
BRH:0
end_of_record
TN:
SF:src/models/user.model.js
FN:81,(anonymous_0)
FN:89,(anonymous_1)
FN:94,(anonymous_2)
FN:101,(anonymous_3)
FN:102,(anonymous_4)
FN:104,(anonymous_5)
FN:111,(anonymous_6)
FN:115,(anonymous_7)
FN:119,(anonymous_8)
FN:129,(anonymous_9)
FN:141,generateRandomCode
FNF:11
FNH:10
FNDA:1,(anonymous_0)
FNDA:20,(anonymous_1)
FNDA:8,(anonymous_2)
FNDA:8,(anonymous_3)
FNDA:8,(anonymous_4)
FNDA:8,(anonymous_5)
FNDA:7,(anonymous_6)
FNDA:0,(anonymous_7)
FNDA:2,(anonymous_8)
FNDA:7,(anonymous_9)
FNDA:9,generateRandomCode
DA:1,1
DA:2,1
DA:3,1
DA:4,1
DA:5,1
DA:8,1
DA:17,1
DA:81,1
DA:82,1
DA:83,1
DA:84,1
DA:85,1
DA:86,1
DA:89,1
DA:90,20
DA:92,20
DA:94,8
DA:95,8
DA:96,8
DA:97,8
DA:101,1
DA:102,8
DA:103,8
DA:104,8
DA:105,8
DA:106,8
DA:111,1
DA:112,7
DA:115,1
DA:116,0
DA:119,1
DA:120,2
DA:121,2
DA:123,2
DA:129,1
DA:130,7
DA:132,7
DA:138,7
DA:142,9
DA:143,9
DA:146,1
LF:41
LH:40
BRDA:84,0,0,1
BRDA:84,0,1,0
BRDA:85,1,0,1
BRDA:85,1,1,0
BRDA:92,2,0,12
BRDA:92,2,1,8
BRDA:95,3,0,0
BRDA:95,3,1,8
BRDA:103,4,0,0
BRDA:103,4,1,8
BRDA:105,5,0,0
BRDA:105,5,1,8
BRF:12
BRH:7
end_of_record
TN:
SF:src/models/verificationCode.model.js
FNF:0
FNH:0
DA:1,1
DA:2,1
DA:7,1
DA:25,1
DA:27,1
LF:5
LH:5
BRF:0
BRH:0
end_of_record
TN:
SF:src/routes/auth.routes.js
FN:4,(anonymous_0)
FNF:1
FNH:1
FNDA:1,(anonymous_0)
DA:1,1
DA:2,1
DA:4,1
DA:5,1
DA:6,1
DA:7,1
DA:8,1
DA:9,1
DA:10,1
DA:11,1
DA:12,1
LF:11
LH:11
BRF:0
BRH:0
end_of_record
TN:
SF:src/routes/job.routes.js
FN:6,(anonymous_0)
FNF:1
FNH:1
FNDA:1,(anonymous_0)
DA:1,1
DA:3,1
DA:4,1
DA:6,1
DA:7,1
DA:8,1
DA:9,1
DA:10,1
DA:11,1
DA:12,1
LF:10
LH:10
BRF:0
BRH:0
end_of_record
TN:
SF:src/routes/payment.routes.js
FN:7,(anonymous_0)
FNF:1
FNH:1
FNDA:1,(anonymous_0)
DA:4,1
DA:5,1
DA:7,1
DA:8,1
DA:9,1
DA:10,1
DA:11,1
LF:7
LH:7
BRF:0
BRH:0
end_of_record
TN:
SF:src/routes/user.routes.js
FN:4,(anonymous_0)
FNF:1
FNH:1
FNDA:1,(anonymous_0)
DA:1,1
DA:2,1
DA:4,1
DA:5,1
DA:6,1
DA:7,1
DA:8,1
DA:9,1
DA:10,1
DA:11,1
DA:12,1
DA:13,1
DA:14,1
LF:13
LH:13
BRF:0
BRH:0
end_of_record
